CRITICAL - 2022-08-26 08:14:32 --> Class "PragmaRX\Google2FA\Google2FA" not found
#0 C:\xampp\htdocs\miracleworld\system\CodeIgniter.php(824): App\Controllers\Home->index()
#1 C:\xampp\htdocs\miracleworld\system\CodeIgniter.php(410): CodeIgniter\CodeIgniter->runController(Object(App\Controllers\Home))
#2 C:\xampp\htdocs\miracleworld\system\CodeIgniter.php(318): CodeIgniter\CodeIgniter->handleRequest(NULL, Object(Config\Cache), false)
#3 C:\xampp\htdocs\miracleworld\index.php(37): CodeIgniter\CodeIgniter->run()
#4 {main}
CRITICAL - 2022-08-26 08:14:52 --> Undefined variable $setting
#0 C:\xampp\htdocs\miracleworld\public\themes\default.php(8): CodeIgniter\Debug\Exceptions->errorHandler(2, 'Undefined varia...', 'C:\\xampp\\htdocs...', 8)
#1 C:\xampp\htdocs\miracleworld\system\View\View.php(214): include('C:\\xampp\\htdocs...')
#2 C:\xampp\htdocs\miracleworld\system\View\View.php(217): CodeIgniter\View\View->CodeIgniter\View\{closure}()
#3 C:\xampp\htdocs\miracleworld\system\Common.php(1097): CodeIgniter\View\View->render('../../public/th...', Array, true)
#4 C:\xampp\htdocs\miracleworld\app\Common.php(22): view('../../public/th...', Array)
#5 C:\xampp\htdocs\miracleworld\app\Controllers\Home.php(25): front_view('default', Array)
#6 C:\xampp\htdocs\miracleworld\system\CodeIgniter.php(824): App\Controllers\Home->index()
#7 C:\xampp\htdocs\miracleworld\system\CodeIgniter.php(410): CodeIgniter\CodeIgniter->runController(Object(App\Controllers\Home))
#8 C:\xampp\htdocs\miracleworld\system\CodeIgniter.php(318): CodeIgniter\CodeIgniter->handleRequest(NULL, Object(Config\Cache), false)
#9 C:\xampp\htdocs\miracleworld\index.php(37): CodeIgniter\CodeIgniter->run()
#10 {main}
CRITICAL - 2022-08-26 08:15:09 --> Undefined variable $setting
#0 C:\xampp\htdocs\miracleworld\public\themes\default.php(8): CodeIgniter\Debug\Exceptions->errorHandler(2, 'Undefined varia...', 'C:\\xampp\\htdocs...', 8)
#1 C:\xampp\htdocs\miracleworld\system\View\View.php(214): include('C:\\xampp\\htdocs...')
#2 C:\xampp\htdocs\miracleworld\system\View\View.php(217): CodeIgniter\View\View->CodeIgniter\View\{closure}()
#3 C:\xampp\htdocs\miracleworld\system\Common.php(1097): CodeIgniter\View\View->render('../../public/th...', Array, true)
#4 C:\xampp\htdocs\miracleworld\app\Common.php(22): view('../../public/th...', Array)
#5 C:\xampp\htdocs\miracleworld\app\Controllers\Home.php(25): front_view('default', Array)
#6 C:\xampp\htdocs\miracleworld\system\CodeIgniter.php(824): App\Controllers\Home->index()
#7 C:\xampp\htdocs\miracleworld\system\CodeIgniter.php(410): CodeIgniter\CodeIgniter->runController(Object(App\Controllers\Home))
#8 C:\xampp\htdocs\miracleworld\system\CodeIgniter.php(318): CodeIgniter\CodeIgniter->handleRequest(NULL, Object(Config\Cache), false)
#9 C:\xampp\htdocs\miracleworld\index.php(37): CodeIgniter\CodeIgniter->run()
#10 {main}
CRITICAL - 2022-08-26 08:16:55 --> Undefined variable $setting
#0 C:\xampp\htdocs\miracleworld\public\themes\default.php(8): CodeIgniter\Debug\Exceptions->errorHandler(2, 'Undefined varia...', 'C:\\xampp\\htdocs...', 8)
#1 C:\xampp\htdocs\miracleworld\system\View\View.php(214): include('C:\\xampp\\htdocs...')
#2 C:\xampp\htdocs\miracleworld\system\View\View.php(217): CodeIgniter\View\View->CodeIgniter\View\{closure}()
#3 C:\xampp\htdocs\miracleworld\system\Common.php(1097): CodeIgniter\View\View->render('../../public/th...', Array, true)
#4 C:\xampp\htdocs\miracleworld\app\Common.php(22): view('../../public/th...', Array)
#5 C:\xampp\htdocs\miracleworld\app\Controllers\Home.php(25): front_view('default', Array)
#6 C:\xampp\htdocs\miracleworld\system\CodeIgniter.php(824): App\Controllers\Home->index()
#7 C:\xampp\htdocs\miracleworld\system\CodeIgniter.php(410): CodeIgniter\CodeIgniter->runController(Object(App\Controllers\Home))
#8 C:\xampp\htdocs\miracleworld\system\CodeIgniter.php(318): CodeIgniter\CodeIgniter->handleRequest(NULL, Object(Config\Cache), false)
#9 C:\xampp\htdocs\miracleworld\index.php(37): CodeIgniter\CodeIgniter->run()
#10 {main}
CRITICAL - 2022-08-26 08:17:50 --> Undefined variable $setting
#0 C:\xampp\htdocs\miracleworld\public\themes\default.php(8): CodeIgniter\Debug\Exceptions->errorHandler(2, 'Undefined varia...', 'C:\\xampp\\htdocs...', 8)
#1 C:\xampp\htdocs\miracleworld\system\View\View.php(214): include('C:\\xampp\\htdocs...')
#2 C:\xampp\htdocs\miracleworld\system\View\View.php(217): CodeIgniter\View\View->CodeIgniter\View\{closure}()
#3 C:\xampp\htdocs\miracleworld\system\Common.php(1097): CodeIgniter\View\View->render('../../public/th...', Array, true)
#4 C:\xampp\htdocs\miracleworld\app\Common.php(22): view('../../public/th...', Array)
#5 C:\xampp\htdocs\miracleworld\app\Controllers\Home.php(25): front_view('default', Array)
#6 C:\xampp\htdocs\miracleworld\system\CodeIgniter.php(824): App\Controllers\Home->index()
#7 C:\xampp\htdocs\miracleworld\system\CodeIgniter.php(410): CodeIgniter\CodeIgniter->runController(Object(App\Controllers\Home))
#8 C:\xampp\htdocs\miracleworld\system\CodeIgniter.php(318): CodeIgniter\CodeIgniter->handleRequest(NULL, Object(Config\Cache), false)
#9 C:\xampp\htdocs\miracleworld\index.php(37): CodeIgniter\CodeIgniter->run()
#10 {main}
CRITICAL - 2022-08-26 08:18:22 --> Attempt to read property "option_value" on array
#0 C:\xampp\htdocs\miracleworld\app\Models\Setting_model.php(50): CodeIgniter\Debug\Exceptions->errorHandler(2, 'Attempt to read...', 'C:\\xampp\\htdocs...', 50)
#1 C:\xampp\htdocs\miracleworld\public\themes\default.php(9): App\Models\Setting_model->get_option_value('favi_icon')
#2 C:\xampp\htdocs\miracleworld\system\View\View.php(214): include('C:\\xampp\\htdocs...')
#3 C:\xampp\htdocs\miracleworld\system\View\View.php(217): CodeIgniter\View\View->CodeIgniter\View\{closure}()
#4 C:\xampp\htdocs\miracleworld\system\Common.php(1097): CodeIgniter\View\View->render('../../public/th...', Array, true)
#5 C:\xampp\htdocs\miracleworld\app\Common.php(22): view('../../public/th...', Array)
#6 C:\xampp\htdocs\miracleworld\app\Controllers\Home.php(27): front_view('default', Array)
#7 C:\xampp\htdocs\miracleworld\system\CodeIgniter.php(824): App\Controllers\Home->index()
#8 C:\xampp\htdocs\miracleworld\system\CodeIgniter.php(410): CodeIgniter\CodeIgniter->runController(Object(App\Controllers\Home))
#9 C:\xampp\htdocs\miracleworld\system\CodeIgniter.php(318): CodeIgniter\CodeIgniter->handleRequest(NULL, Object(Config\Cache), false)
#10 C:\xampp\htdocs\miracleworld\index.php(37): CodeIgniter\CodeIgniter->run()
#11 {main}
CRITICAL - 2022-08-26 08:19:01 --> Attempt to read property "option_value" on array
#0 C:\xampp\htdocs\miracleworld\app\Models\Setting_model.php(50): CodeIgniter\Debug\Exceptions->errorHandler(2, 'Attempt to read...', 'C:\\xampp\\htdocs...', 50)
#1 C:\xampp\htdocs\miracleworld\public\themes\default.php(9): App\Models\Setting_model->get_option_value('favi_icon')
#2 C:\xampp\htdocs\miracleworld\system\View\View.php(214): include('C:\\xampp\\htdocs...')
#3 C:\xampp\htdocs\miracleworld\system\View\View.php(217): CodeIgniter\View\View->CodeIgniter\View\{closure}()
#4 C:\xampp\htdocs\miracleworld\system\Common.php(1097): CodeIgniter\View\View->render('../../public/th...', Array, true)
#5 C:\xampp\htdocs\miracleworld\app\Common.php(22): view('../../public/th...', Array)
#6 C:\xampp\htdocs\miracleworld\app\Controllers\Home.php(27): front_view('default', Array)
#7 C:\xampp\htdocs\miracleworld\system\CodeIgniter.php(824): App\Controllers\Home->index()
#8 C:\xampp\htdocs\miracleworld\system\CodeIgniter.php(410): CodeIgniter\CodeIgniter->runController(Object(App\Controllers\Home))
#9 C:\xampp\htdocs\miracleworld\system\CodeIgniter.php(318): CodeIgniter\CodeIgniter->handleRequest(NULL, Object(Config\Cache), false)
#10 C:\xampp\htdocs\miracleworld\index.php(37): CodeIgniter\CodeIgniter->run()
#11 {main}
CRITICAL - 2022-08-26 08:19:30 --> Attempt to read property "option_value" on array
#0 C:\xampp\htdocs\miracleworld\app\Models\Setting_model.php(50): CodeIgniter\Debug\Exceptions->errorHandler(2, 'Attempt to read...', 'C:\\xampp\\htdocs...', 50)
#1 C:\xampp\htdocs\miracleworld\public\themes\default.php(9): App\Models\Setting_model->get_option_value('favi_icon')
#2 C:\xampp\htdocs\miracleworld\system\View\View.php(214): include('C:\\xampp\\htdocs...')
#3 C:\xampp\htdocs\miracleworld\system\View\View.php(217): CodeIgniter\View\View->CodeIgniter\View\{closure}()
#4 C:\xampp\htdocs\miracleworld\system\Common.php(1097): CodeIgniter\View\View->render('../../public/th...', Array, true)
#5 C:\xampp\htdocs\miracleworld\app\Common.php(22): view('../../public/th...', Array)
#6 C:\xampp\htdocs\miracleworld\app\Controllers\Home.php(27): front_view('default', Array)
#7 C:\xampp\htdocs\miracleworld\system\CodeIgniter.php(824): App\Controllers\Home->index()
#8 C:\xampp\htdocs\miracleworld\system\CodeIgniter.php(410): CodeIgniter\CodeIgniter->runController(Object(App\Controllers\Home))
#9 C:\xampp\htdocs\miracleworld\system\CodeIgniter.php(318): CodeIgniter\CodeIgniter->handleRequest(NULL, Object(Config\Cache), false)
#10 C:\xampp\htdocs\miracleworld\index.php(37): CodeIgniter\CodeIgniter->run()
#11 {main}
CRITICAL - 2022-08-26 08:20:04 --> Invalid file: front/index.php
#0 C:\xampp\htdocs\miracleworld\system\View\View.php(198): CodeIgniter\Exceptions\FrameworkException::forInvalidFile('front/index.php')
#1 C:\xampp\htdocs\miracleworld\system\Common.php(1097): CodeIgniter\View\View->render('front/index', Array, true)
#2 C:\xampp\htdocs\miracleworld\public\themes\default.php(38): view('front/index')
#3 C:\xampp\htdocs\miracleworld\system\View\View.php(214): include('C:\\xampp\\htdocs...')
#4 C:\xampp\htdocs\miracleworld\system\View\View.php(217): CodeIgniter\View\View->CodeIgniter\View\{closure}()
#5 C:\xampp\htdocs\miracleworld\system\Common.php(1097): CodeIgniter\View\View->render('../../public/th...', Array, true)
#6 C:\xampp\htdocs\miracleworld\app\Common.php(22): view('../../public/th...', Array)
#7 C:\xampp\htdocs\miracleworld\app\Controllers\Home.php(27): front_view('default', Array)
#8 C:\xampp\htdocs\miracleworld\system\CodeIgniter.php(824): App\Controllers\Home->index()
#9 C:\xampp\htdocs\miracleworld\system\CodeIgniter.php(410): CodeIgniter\CodeIgniter->runController(Object(App\Controllers\Home))
#10 C:\xampp\htdocs\miracleworld\system\CodeIgniter.php(318): CodeIgniter\CodeIgniter->handleRequest(NULL, Object(Config\Cache), false)
#11 C:\xampp\htdocs\miracleworld\index.php(37): CodeIgniter\CodeIgniter->run()
#12 {main}
CRITICAL - 2022-08-26 08:20:38 --> Invalid file: index.php
#0 C:\xampp\htdocs\miracleworld\system\View\View.php(198): CodeIgniter\Exceptions\FrameworkException::forInvalidFile('index.php')
#1 C:\xampp\htdocs\miracleworld\system\Common.php(1097): CodeIgniter\View\View->render('index', Array, true)
#2 C:\xampp\htdocs\miracleworld\public\themes\default.php(38): view('index')
#3 C:\xampp\htdocs\miracleworld\system\View\View.php(214): include('C:\\xampp\\htdocs...')
#4 C:\xampp\htdocs\miracleworld\system\View\View.php(217): CodeIgniter\View\View->CodeIgniter\View\{closure}()
#5 C:\xampp\htdocs\miracleworld\system\Common.php(1097): CodeIgniter\View\View->render('../../public/th...', Array, true)
#6 C:\xampp\htdocs\miracleworld\app\Common.php(22): view('../../public/th...', Array)
#7 C:\xampp\htdocs\miracleworld\app\Controllers\Home.php(27): front_view('default', Array)
#8 C:\xampp\htdocs\miracleworld\system\CodeIgniter.php(824): App\Controllers\Home->index()
#9 C:\xampp\htdocs\miracleworld\system\CodeIgniter.php(410): CodeIgniter\CodeIgniter->runController(Object(App\Controllers\Home))
#10 C:\xampp\htdocs\miracleworld\system\CodeIgniter.php(318): CodeIgniter\CodeIgniter->handleRequest(NULL, Object(Config\Cache), false)
#11 C:\xampp\htdocs\miracleworld\index.php(37): CodeIgniter\CodeIgniter->run()
#12 {main}
CRITICAL - 2022-08-26 08:21:37 --> Invalid file: toast.php
#0 C:\xampp\htdocs\miracleworld\system\View\View.php(198): CodeIgniter\Exceptions\FrameworkException::forInvalidFile('toast.php')
#1 C:\xampp\htdocs\miracleworld\system\Common.php(1097): CodeIgniter\View\View->render('toast', Array, true)
#2 C:\xampp\htdocs\miracleworld\public\themes\default.php(42): view('toast')
#3 C:\xampp\htdocs\miracleworld\system\View\View.php(214): include('C:\\xampp\\htdocs...')
#4 C:\xampp\htdocs\miracleworld\system\View\View.php(217): CodeIgniter\View\View->CodeIgniter\View\{closure}()
#5 C:\xampp\htdocs\miracleworld\system\Common.php(1097): CodeIgniter\View\View->render('../../public/th...', Array, true)
#6 C:\xampp\htdocs\miracleworld\app\Common.php(22): view('../../public/th...', Array)
#7 C:\xampp\htdocs\miracleworld\app\Controllers\Home.php(27): front_view('default', Array)
#8 C:\xampp\htdocs\miracleworld\system\CodeIgniter.php(824): App\Controllers\Home->index()
#9 C:\xampp\htdocs\miracleworld\system\CodeIgniter.php(410): CodeIgniter\CodeIgniter->runController(Object(App\Controllers\Home))
#10 C:\xampp\htdocs\miracleworld\system\CodeIgniter.php(318): CodeIgniter\CodeIgniter->handleRequest(NULL, Object(Config\Cache), false)
#11 C:\xampp\htdocs\miracleworld\index.php(37): CodeIgniter\CodeIgniter->run()
#12 {main}
CRITICAL - 2022-08-26 08:40:28 --> Invalid file: ../../public/themes/forget-password.php
#0 C:\xampp\htdocs\miracleworld\system\View\View.php(198): CodeIgniter\Exceptions\FrameworkException::forInvalidFile('../../public/th...')
#1 C:\xampp\htdocs\miracleworld\system\Common.php(1097): CodeIgniter\View\View->render('../../public/th...', Array, true)
#2 C:\xampp\htdocs\miracleworld\app\Common.php(22): view('../../public/th...', Array)
#3 C:\xampp\htdocs\miracleworld\public\themes\default.php(38): front_view('forget-password')
#4 C:\xampp\htdocs\miracleworld\system\View\View.php(214): include('C:\\xampp\\htdocs...')
#5 C:\xampp\htdocs\miracleworld\system\View\View.php(217): CodeIgniter\View\View->CodeIgniter\View\{closure}()
#6 C:\xampp\htdocs\miracleworld\system\Common.php(1097): CodeIgniter\View\View->render('../../public/th...', Array, true)
#7 C:\xampp\htdocs\miracleworld\app\Common.php(22): view('../../public/th...', Array)
#8 C:\xampp\htdocs\miracleworld\app\Controllers\Home.php(291): front_view('default', Array)
#9 C:\xampp\htdocs\miracleworld\system\CodeIgniter.php(824): App\Controllers\Home->forget_password()
#10 C:\xampp\htdocs\miracleworld\system\CodeIgniter.php(410): CodeIgniter\CodeIgniter->runController(Object(App\Controllers\Home))
#11 C:\xampp\htdocs\miracleworld\system\CodeIgniter.php(318): CodeIgniter\CodeIgniter->handleRequest(NULL, Object(Config\Cache), false)
#12 C:\xampp\htdocs\miracleworld\index.php(37): CodeIgniter\CodeIgniter->run()
#13 {main}
CRITICAL - 2022-08-26 08:44:35 --> Invalid file: ../../public/themes/forget-password.php
#0 C:\xampp\htdocs\miracleworld\system\View\View.php(198): CodeIgniter\Exceptions\FrameworkException::forInvalidFile('../../public/th...')
#1 C:\xampp\htdocs\miracleworld\system\Common.php(1097): CodeIgniter\View\View->render('../../public/th...', Array, true)
#2 C:\xampp\htdocs\miracleworld\app\Common.php(22): view('../../public/th...', Array)
#3 C:\xampp\htdocs\miracleworld\public\themes\default.php(38): front_view('forget-password')
#4 C:\xampp\htdocs\miracleworld\system\View\View.php(214): include('C:\\xampp\\htdocs...')
#5 C:\xampp\htdocs\miracleworld\system\View\View.php(217): CodeIgniter\View\View->CodeIgniter\View\{closure}()
#6 C:\xampp\htdocs\miracleworld\system\Common.php(1097): CodeIgniter\View\View->render('../../public/th...', Array, true)
#7 C:\xampp\htdocs\miracleworld\app\Common.php(22): view('../../public/th...', Array)
#8 C:\xampp\htdocs\miracleworld\app\Controllers\Home.php(291): front_view('default', Array)
#9 C:\xampp\htdocs\miracleworld\system\CodeIgniter.php(824): App\Controllers\Home->forget_password()
#10 C:\xampp\htdocs\miracleworld\system\CodeIgniter.php(410): CodeIgniter\CodeIgniter->runController(Object(App\Controllers\Home))
#11 C:\xampp\htdocs\miracleworld\system\CodeIgniter.php(318): CodeIgniter\CodeIgniter->handleRequest(NULL, Object(Config\Cache), false)
#12 C:\xampp\htdocs\miracleworld\index.php(37): CodeIgniter\CodeIgniter->run()
#13 {main}
CRITICAL - 2022-08-26 08:56:30 --> Undefined variable $tab
#0 C:\xampp\htdocs\miracleworld\public\themes\dashboard\default.php(246): CodeIgniter\Debug\Exceptions->errorHandler(2, 'Undefined varia...', 'C:\\xampp\\htdocs...', 246)
#1 C:\xampp\htdocs\miracleworld\system\View\View.php(214): include('C:\\xampp\\htdocs...')
#2 C:\xampp\htdocs\miracleworld\system\View\View.php(217): CodeIgniter\View\View->CodeIgniter\View\{closure}()
#3 C:\xampp\htdocs\miracleworld\system\Common.php(1097): CodeIgniter\View\View->render('../../public/th...', Array, true)
#4 C:\xampp\htdocs\miracleworld\app\Common.php(22): view('../../public/th...', Array)
#5 C:\xampp\htdocs\miracleworld\app\Controllers\Dashboard.php(110): front_view('dashboard/defau...', Array)
#6 C:\xampp\htdocs\miracleworld\system\CodeIgniter.php(824): App\Controllers\Dashboard->index()
#7 C:\xampp\htdocs\miracleworld\system\CodeIgniter.php(410): CodeIgniter\CodeIgniter->runController(Object(App\Controllers\Dashboard))
#8 C:\xampp\htdocs\miracleworld\system\CodeIgniter.php(318): CodeIgniter\CodeIgniter->handleRequest(NULL, Object(Config\Cache), false)
#9 C:\xampp\htdocs\miracleworld\index.php(37): CodeIgniter\CodeIgniter->run()
#10 {main}
CRITICAL - 2022-08-26 08:56:52 --> Invalid file: toast.php
#0 C:\xampp\htdocs\miracleworld\system\View\View.php(198): CodeIgniter\Exceptions\FrameworkException::forInvalidFile('toast.php')
#1 C:\xampp\htdocs\miracleworld\system\Common.php(1097): CodeIgniter\View\View->render('toast', Array, true)
#2 C:\xampp\htdocs\miracleworld\public\themes\dashboard\default.php(243): view('toast')
#3 C:\xampp\htdocs\miracleworld\system\View\View.php(214): include('C:\\xampp\\htdocs...')
#4 C:\xampp\htdocs\miracleworld\system\View\View.php(217): CodeIgniter\View\View->CodeIgniter\View\{closure}()
#5 C:\xampp\htdocs\miracleworld\system\Common.php(1097): CodeIgniter\View\View->render('../../public/th...', Array, true)
#6 C:\xampp\htdocs\miracleworld\app\Common.php(22): view('../../public/th...', Array)
#7 C:\xampp\htdocs\miracleworld\app\Controllers\Dashboard.php(110): front_view('dashboard/defau...', Array)
#8 C:\xampp\htdocs\miracleworld\system\CodeIgniter.php(824): App\Controllers\Dashboard->index()
#9 C:\xampp\htdocs\miracleworld\system\CodeIgniter.php(410): CodeIgniter\CodeIgniter->runController(Object(App\Controllers\Dashboard))
#10 C:\xampp\htdocs\miracleworld\system\CodeIgniter.php(318): CodeIgniter\CodeIgniter->handleRequest(NULL, Object(Config\Cache), false)
#11 C:\xampp\htdocs\miracleworld\index.php(37): CodeIgniter\CodeIgniter->run()
#12 {main}
CRITICAL - 2022-08-26 09:09:18 --> Invalid file: dashboard/topup-account.php
#0 C:\xampp\htdocs\miracleworld\system\View\View.php(198): CodeIgniter\Exceptions\FrameworkException::forInvalidFile('dashboard/topup...')
#1 C:\xampp\htdocs\miracleworld\system\Common.php(1097): CodeIgniter\View\View->render('dashboard/topup...', Array, true)
#2 C:\xampp\htdocs\miracleworld\public\themes\dashboard\default.php(233): view('dashboard/topup...')
#3 C:\xampp\htdocs\miracleworld\system\View\View.php(214): include('C:\\xampp\\htdocs...')
#4 C:\xampp\htdocs\miracleworld\system\View\View.php(217): CodeIgniter\View\View->CodeIgniter\View\{closure}()
#5 C:\xampp\htdocs\miracleworld\system\Common.php(1097): CodeIgniter\View\View->render('../../public/th...', Array, true)
#6 C:\xampp\htdocs\miracleworld\app\Common.php(22): view('../../public/th...', Array)
#7 C:\xampp\htdocs\miracleworld\app\Controllers\Dashboard.php(334): front_view('dashboard/defau...', Array)
#8 C:\xampp\htdocs\miracleworld\system\CodeIgniter.php(824): App\Controllers\Dashboard->topup()
#9 C:\xampp\htdocs\miracleworld\system\CodeIgniter.php(410): CodeIgniter\CodeIgniter->runController(Object(App\Controllers\Dashboard))
#10 C:\xampp\htdocs\miracleworld\system\CodeIgniter.php(318): CodeIgniter\CodeIgniter->handleRequest(NULL, Object(Config\Cache), false)
#11 C:\xampp\htdocs\miracleworld\index.php(37): CodeIgniter\CodeIgniter->run()
#12 {main}
CRITICAL - 2022-08-26 09:09:23 --> Invalid file: dashboard/profile.php
#0 C:\xampp\htdocs\miracleworld\system\View\View.php(198): CodeIgniter\Exceptions\FrameworkException::forInvalidFile('dashboard/profi...')
#1 C:\xampp\htdocs\miracleworld\system\Common.php(1097): CodeIgniter\View\View->render('dashboard/profi...', Array, true)
#2 C:\xampp\htdocs\miracleworld\public\themes\dashboard\default.php(233): view('dashboard/profi...')
#3 C:\xampp\htdocs\miracleworld\system\View\View.php(214): include('C:\\xampp\\htdocs...')
#4 C:\xampp\htdocs\miracleworld\system\View\View.php(217): CodeIgniter\View\View->CodeIgniter\View\{closure}()
#5 C:\xampp\htdocs\miracleworld\system\Common.php(1097): CodeIgniter\View\View->render('../../public/th...', Array, true)
#6 C:\xampp\htdocs\miracleworld\app\Common.php(22): view('../../public/th...', Array)
#7 C:\xampp\htdocs\miracleworld\app\Controllers\Dashboard.php(165): front_view('dashboard/defau...', Array)
#8 C:\xampp\htdocs\miracleworld\system\CodeIgniter.php(824): App\Controllers\Dashboard->edit_profile()
#9 C:\xampp\htdocs\miracleworld\system\CodeIgniter.php(410): CodeIgniter\CodeIgniter->runController(Object(App\Controllers\Dashboard))
#10 C:\xampp\htdocs\miracleworld\system\CodeIgniter.php(318): CodeIgniter\CodeIgniter->handleRequest(NULL, Object(Config\Cache), false)
#11 C:\xampp\htdocs\miracleworld\index.php(37): CodeIgniter\CodeIgniter->run()
#12 {main}
CRITICAL - 2022-08-26 09:09:29 --> Invalid file: dashboard/supports.php
#0 C:\xampp\htdocs\miracleworld\system\View\View.php(198): CodeIgniter\Exceptions\FrameworkException::forInvalidFile('dashboard/suppo...')
#1 C:\xampp\htdocs\miracleworld\system\Common.php(1097): CodeIgniter\View\View->render('dashboard/suppo...', Array, true)
#2 C:\xampp\htdocs\miracleworld\public\themes\dashboard\default.php(233): view('dashboard/suppo...')
#3 C:\xampp\htdocs\miracleworld\system\View\View.php(214): include('C:\\xampp\\htdocs...')
#4 C:\xampp\htdocs\miracleworld\system\View\View.php(217): CodeIgniter\View\View->CodeIgniter\View\{closure}()
#5 C:\xampp\htdocs\miracleworld\system\Common.php(1097): CodeIgniter\View\View->render('../../public/th...', Array, true)
#6 C:\xampp\htdocs\miracleworld\app\Common.php(22): view('../../public/th...', Array)
#7 C:\xampp\htdocs\miracleworld\app\Controllers\Dashboard.php(803): front_view('dashboard/defau...', Array)
#8 C:\xampp\htdocs\miracleworld\system\CodeIgniter.php(824): App\Controllers\Dashboard->supports()
#9 C:\xampp\htdocs\miracleworld\system\CodeIgniter.php(410): CodeIgniter\CodeIgniter->runController(Object(App\Controllers\Dashboard))
#10 C:\xampp\htdocs\miracleworld\system\CodeIgniter.php(318): CodeIgniter\CodeIgniter->handleRequest(NULL, Object(Config\Cache), false)
#11 C:\xampp\htdocs\miracleworld\index.php(37): CodeIgniter\CodeIgniter->run()
#12 {main}
CRITICAL - 2022-08-26 09:09:56 --> Invalid file: dashboard/index1.php
#0 C:\xampp\htdocs\miracleworld\system\View\View.php(198): CodeIgniter\Exceptions\FrameworkException::forInvalidFile('dashboard/index...')
#1 C:\xampp\htdocs\miracleworld\system\Common.php(1097): CodeIgniter\View\View->render('dashboard/index...', Array, true)
#2 C:\xampp\htdocs\miracleworld\public\themes\dashboard\default.php(233): view('dashboard/index...')
#3 C:\xampp\htdocs\miracleworld\system\View\View.php(214): include('C:\\xampp\\htdocs...')
#4 C:\xampp\htdocs\miracleworld\system\View\View.php(217): CodeIgniter\View\View->CodeIgniter\View\{closure}()
#5 C:\xampp\htdocs\miracleworld\system\Common.php(1097): CodeIgniter\View\View->render('../../public/th...', Array, true)
#6 C:\xampp\htdocs\miracleworld\app\Common.php(22): view('../../public/th...', Array)
#7 C:\xampp\htdocs\miracleworld\app\Controllers\Dashboard.php(110): front_view('dashboard/defau...', Array)
#8 C:\xampp\htdocs\miracleworld\system\CodeIgniter.php(824): App\Controllers\Dashboard->index()
#9 C:\xampp\htdocs\miracleworld\system\CodeIgniter.php(410): CodeIgniter\CodeIgniter->runController(Object(App\Controllers\Dashboard))
#10 C:\xampp\htdocs\miracleworld\system\CodeIgniter.php(318): CodeIgniter\CodeIgniter->handleRequest(NULL, Object(Config\Cache), false)
#11 C:\xampp\htdocs\miracleworld\index.php(37): CodeIgniter\CodeIgniter->run()
#12 {main}
CRITICAL - 2022-08-26 09:13:07 --> Invalid file: dashboard/index1.php
#0 C:\xampp\htdocs\miracleworld\system\View\View.php(198): CodeIgniter\Exceptions\FrameworkException::forInvalidFile('dashboard/index...')
#1 C:\xampp\htdocs\miracleworld\system\Common.php(1097): CodeIgniter\View\View->render('dashboard/index...', Array, true)
#2 C:\xampp\htdocs\miracleworld\public\themes\dashboard\default.php(233): view('dashboard/index...')
#3 C:\xampp\htdocs\miracleworld\system\View\View.php(214): include('C:\\xampp\\htdocs...')
#4 C:\xampp\htdocs\miracleworld\system\View\View.php(217): CodeIgniter\View\View->CodeIgniter\View\{closure}()
#5 C:\xampp\htdocs\miracleworld\system\Common.php(1097): CodeIgniter\View\View->render('../../public/th...', Array, true)
#6 C:\xampp\htdocs\miracleworld\app\Common.php(22): view('../../public/th...', Array)
#7 C:\xampp\htdocs\miracleworld\app\Controllers\Dashboard.php(110): front_view('dashboard/defau...', Array)
#8 C:\xampp\htdocs\miracleworld\system\CodeIgniter.php(824): App\Controllers\Dashboard->index()
#9 C:\xampp\htdocs\miracleworld\system\CodeIgniter.php(410): CodeIgniter\CodeIgniter->runController(Object(App\Controllers\Dashboard))
#10 C:\xampp\htdocs\miracleworld\system\CodeIgniter.php(318): CodeIgniter\CodeIgniter->handleRequest(NULL, Object(Config\Cache), false)
#11 C:\xampp\htdocs\miracleworld\index.php(37): CodeIgniter\CodeIgniter->run()
#12 {main}
CRITICAL - 2022-08-26 09:13:47 --> Invalid file: dashboard/index1.php
#0 C:\xampp\htdocs\miracleworld\system\View\View.php(198): CodeIgniter\Exceptions\FrameworkException::forInvalidFile('dashboard/index...')
#1 C:\xampp\htdocs\miracleworld\system\Common.php(1097): CodeIgniter\View\View->render('dashboard/index...', Array, true)
#2 C:\xampp\htdocs\miracleworld\public\themes\dashboard\default.php(233): view('dashboard/index...')
#3 C:\xampp\htdocs\miracleworld\system\View\View.php(214): include('C:\\xampp\\htdocs...')
#4 C:\xampp\htdocs\miracleworld\system\View\View.php(217): CodeIgniter\View\View->CodeIgniter\View\{closure}()
#5 C:\xampp\htdocs\miracleworld\system\Common.php(1097): CodeIgniter\View\View->render('../../public/th...', Array, true)
#6 C:\xampp\htdocs\miracleworld\app\Common.php(22): view('../../public/th...', Array)
#7 C:\xampp\htdocs\miracleworld\app\Controllers\Dashboard.php(110): front_view('dashboard/defau...', Array)
#8 C:\xampp\htdocs\miracleworld\system\CodeIgniter.php(824): App\Controllers\Dashboard->index()
#9 C:\xampp\htdocs\miracleworld\system\CodeIgniter.php(410): CodeIgniter\CodeIgniter->runController(Object(App\Controllers\Dashboard))
#10 C:\xampp\htdocs\miracleworld\system\CodeIgniter.php(318): CodeIgniter\CodeIgniter->handleRequest(NULL, Object(Config\Cache), false)
#11 C:\xampp\htdocs\miracleworld\index.php(37): CodeIgniter\CodeIgniter->run()
#12 {main}
CRITICAL - 2022-08-26 09:14:30 --> Invalid file: dashboard/about.php
#0 C:\xampp\htdocs\miracleworld\system\View\View.php(198): CodeIgniter\Exceptions\FrameworkException::forInvalidFile('dashboard/about...')
#1 C:\xampp\htdocs\miracleworld\system\Common.php(1097): CodeIgniter\View\View->render('dashboard/about', Array, true)
#2 C:\xampp\htdocs\miracleworld\public\themes\dashboard\default.php(233): view('dashboard/about')
#3 C:\xampp\htdocs\miracleworld\system\View\View.php(214): include('C:\\xampp\\htdocs...')
#4 C:\xampp\htdocs\miracleworld\system\View\View.php(217): CodeIgniter\View\View->CodeIgniter\View\{closure}()
#5 C:\xampp\htdocs\miracleworld\system\Common.php(1097): CodeIgniter\View\View->render('../../public/th...', Array, true)
#6 C:\xampp\htdocs\miracleworld\app\Common.php(22): view('../../public/th...', Array)
#7 C:\xampp\htdocs\miracleworld\app\Controllers\Dashboard.php(110): front_view('dashboard/defau...', Array)
#8 C:\xampp\htdocs\miracleworld\system\CodeIgniter.php(824): App\Controllers\Dashboard->index()
#9 C:\xampp\htdocs\miracleworld\system\CodeIgniter.php(410): CodeIgniter\CodeIgniter->runController(Object(App\Controllers\Dashboard))
#10 C:\xampp\htdocs\miracleworld\system\CodeIgniter.php(318): CodeIgniter\CodeIgniter->handleRequest(NULL, Object(Config\Cache), false)
#11 C:\xampp\htdocs\miracleworld\index.php(37): CodeIgniter\CodeIgniter->run()
#12 {main}
CRITICAL - 2022-08-26 09:15:23 --> Undefined variable $left
#0 C:\xampp\htdocs\miracleworld\public\themes\dashboard\index.php(203): CodeIgniter\Debug\Exceptions->errorHandler(2, 'Undefined varia...', 'C:\\xampp\\htdocs...', 203)
#1 C:\xampp\htdocs\miracleworld\system\View\View.php(214): include('C:\\xampp\\htdocs...')
#2 C:\xampp\htdocs\miracleworld\system\View\View.php(217): CodeIgniter\View\View->CodeIgniter\View\{closure}()
#3 C:\xampp\htdocs\miracleworld\system\Common.php(1097): CodeIgniter\View\View->render('../../public/th...', Array, true)
#4 C:\xampp\htdocs\miracleworld\app\Common.php(22): view('../../public/th...', Array)
#5 C:\xampp\htdocs\miracleworld\public\themes\dashboard\default.php(233): front_view('dashboard/index')
#6 C:\xampp\htdocs\miracleworld\system\View\View.php(214): include('C:\\xampp\\htdocs...')
#7 C:\xampp\htdocs\miracleworld\system\View\View.php(217): CodeIgniter\View\View->CodeIgniter\View\{closure}()
#8 C:\xampp\htdocs\miracleworld\system\Common.php(1097): CodeIgniter\View\View->render('../../public/th...', Array, true)
#9 C:\xampp\htdocs\miracleworld\app\Common.php(22): view('../../public/th...', Array)
#10 C:\xampp\htdocs\miracleworld\app\Controllers\Dashboard.php(110): front_view('dashboard/defau...', Array)
#11 C:\xampp\htdocs\miracleworld\system\CodeIgniter.php(824): App\Controllers\Dashboard->index()
#12 C:\xampp\htdocs\miracleworld\system\CodeIgniter.php(410): CodeIgniter\CodeIgniter->runController(Object(App\Controllers\Dashboard))
#13 C:\xampp\htdocs\miracleworld\system\CodeIgniter.php(318): CodeIgniter\CodeIgniter->handleRequest(NULL, Object(Config\Cache), false)
#14 C:\xampp\htdocs\miracleworld\index.php(37): CodeIgniter\CodeIgniter->run()
#15 {main}
CRITICAL - 2022-08-26 09:15:25 --> Undefined variable $left
#0 C:\xampp\htdocs\miracleworld\public\themes\dashboard\index.php(203): CodeIgniter\Debug\Exceptions->errorHandler(2, 'Undefined varia...', 'C:\\xampp\\htdocs...', 203)
#1 C:\xampp\htdocs\miracleworld\system\View\View.php(214): include('C:\\xampp\\htdocs...')
#2 C:\xampp\htdocs\miracleworld\system\View\View.php(217): CodeIgniter\View\View->CodeIgniter\View\{closure}()
#3 C:\xampp\htdocs\miracleworld\system\Common.php(1097): CodeIgniter\View\View->render('../../public/th...', Array, true)
#4 C:\xampp\htdocs\miracleworld\app\Common.php(22): view('../../public/th...', Array)
#5 C:\xampp\htdocs\miracleworld\public\themes\dashboard\default.php(233): front_view('dashboard/index')
#6 C:\xampp\htdocs\miracleworld\system\View\View.php(214): include('C:\\xampp\\htdocs...')
#7 C:\xampp\htdocs\miracleworld\system\View\View.php(217): CodeIgniter\View\View->CodeIgniter\View\{closure}()
#8 C:\xampp\htdocs\miracleworld\system\Common.php(1097): CodeIgniter\View\View->render('../../public/th...', Array, true)
#9 C:\xampp\htdocs\miracleworld\app\Common.php(22): view('../../public/th...', Array)
#10 C:\xampp\htdocs\miracleworld\app\Controllers\Dashboard.php(110): front_view('dashboard/defau...', Array)
#11 C:\xampp\htdocs\miracleworld\system\CodeIgniter.php(824): App\Controllers\Dashboard->index()
#12 C:\xampp\htdocs\miracleworld\system\CodeIgniter.php(410): CodeIgniter\CodeIgniter->runController(Object(App\Controllers\Dashboard))
#13 C:\xampp\htdocs\miracleworld\system\CodeIgniter.php(318): CodeIgniter\CodeIgniter->handleRequest(NULL, Object(Config\Cache), false)
#14 C:\xampp\htdocs\miracleworld\index.php(37): CodeIgniter\CodeIgniter->run()
#15 {main}
CRITICAL - 2022-08-26 09:16:04 --> Call to undefined function amount_format()
#0 C:\xampp\htdocs\miracleworld\system\View\View.php(214): include()
#1 C:\xampp\htdocs\miracleworld\system\View\View.php(217): CodeIgniter\View\View->CodeIgniter\View\{closure}()
#2 C:\xampp\htdocs\miracleworld\system\Common.php(1097): CodeIgniter\View\View->render('../../public/th...', Array, true)
#3 C:\xampp\htdocs\miracleworld\app\Common.php(22): view('../../public/th...', Array)
#4 C:\xampp\htdocs\miracleworld\public\themes\dashboard\default.php(233): front_view('dashboard/index')
#5 C:\xampp\htdocs\miracleworld\system\View\View.php(214): include('C:\\xampp\\htdocs...')
#6 C:\xampp\htdocs\miracleworld\system\View\View.php(217): CodeIgniter\View\View->CodeIgniter\View\{closure}()
#7 C:\xampp\htdocs\miracleworld\system\Common.php(1097): CodeIgniter\View\View->render('../../public/th...', Array, true)
#8 C:\xampp\htdocs\miracleworld\app\Common.php(22): view('../../public/th...', Array)
#9 C:\xampp\htdocs\miracleworld\app\Controllers\Dashboard.php(110): front_view('dashboard/defau...', Array)
#10 C:\xampp\htdocs\miracleworld\system\CodeIgniter.php(824): App\Controllers\Dashboard->index()
#11 C:\xampp\htdocs\miracleworld\system\CodeIgniter.php(410): CodeIgniter\CodeIgniter->runController(Object(App\Controllers\Dashboard))
#12 C:\xampp\htdocs\miracleworld\system\CodeIgniter.php(318): CodeIgniter\CodeIgniter->handleRequest(NULL, Object(Config\Cache), false)
#13 C:\xampp\htdocs\miracleworld\index.php(37): CodeIgniter\CodeIgniter->run()
#14 {main}
CRITICAL - 2022-08-26 09:18:29 --> Undefined variable $roi_income
#0 C:\xampp\htdocs\miracleworld\public\themes\dashboard\index.php(212): CodeIgniter\Debug\Exceptions->errorHandler(2, 'Undefined varia...', 'C:\\xampp\\htdocs...', 212)
#1 C:\xampp\htdocs\miracleworld\system\View\View.php(214): include('C:\\xampp\\htdocs...')
#2 C:\xampp\htdocs\miracleworld\system\View\View.php(217): CodeIgniter\View\View->CodeIgniter\View\{closure}()
#3 C:\xampp\htdocs\miracleworld\system\Common.php(1097): CodeIgniter\View\View->render('../../public/th...', Array, true)
#4 C:\xampp\htdocs\miracleworld\app\Common.php(22): view('../../public/th...', Array)
#5 C:\xampp\htdocs\miracleworld\public\themes\dashboard\default.php(233): front_view('dashboard/index')
#6 C:\xampp\htdocs\miracleworld\system\View\View.php(214): include('C:\\xampp\\htdocs...')
#7 C:\xampp\htdocs\miracleworld\system\View\View.php(217): CodeIgniter\View\View->CodeIgniter\View\{closure}()
#8 C:\xampp\htdocs\miracleworld\system\Common.php(1097): CodeIgniter\View\View->render('../../public/th...', Array, true)
#9 C:\xampp\htdocs\miracleworld\app\Common.php(22): view('../../public/th...', Array)
#10 C:\xampp\htdocs\miracleworld\app\Controllers\Dashboard.php(110): front_view('dashboard/defau...', Array)
#11 C:\xampp\htdocs\miracleworld\system\CodeIgniter.php(824): App\Controllers\Dashboard->index()
#12 C:\xampp\htdocs\miracleworld\system\CodeIgniter.php(410): CodeIgniter\CodeIgniter->runController(Object(App\Controllers\Dashboard))
#13 C:\xampp\htdocs\miracleworld\system\CodeIgniter.php(318): CodeIgniter\CodeIgniter->handleRequest(NULL, Object(Config\Cache), false)
#14 C:\xampp\htdocs\miracleworld\index.php(37): CodeIgniter\CodeIgniter->run()
#15 {main}
CRITICAL - 2022-08-26 09:18:54 --> Undefined variable $total_income
#0 C:\xampp\htdocs\miracleworld\public\themes\dashboard\index.php(252): CodeIgniter\Debug\Exceptions->errorHandler(2, 'Undefined varia...', 'C:\\xampp\\htdocs...', 252)
#1 C:\xampp\htdocs\miracleworld\system\View\View.php(214): include('C:\\xampp\\htdocs...')
#2 C:\xampp\htdocs\miracleworld\system\View\View.php(217): CodeIgniter\View\View->CodeIgniter\View\{closure}()
#3 C:\xampp\htdocs\miracleworld\system\Common.php(1097): CodeIgniter\View\View->render('../../public/th...', Array, true)
#4 C:\xampp\htdocs\miracleworld\app\Common.php(22): view('../../public/th...', Array)
#5 C:\xampp\htdocs\miracleworld\public\themes\dashboard\default.php(233): front_view('dashboard/index')
#6 C:\xampp\htdocs\miracleworld\system\View\View.php(214): include('C:\\xampp\\htdocs...')
#7 C:\xampp\htdocs\miracleworld\system\View\View.php(217): CodeIgniter\View\View->CodeIgniter\View\{closure}()
#8 C:\xampp\htdocs\miracleworld\system\Common.php(1097): CodeIgniter\View\View->render('../../public/th...', Array, true)
#9 C:\xampp\htdocs\miracleworld\app\Common.php(22): view('../../public/th...', Array)
#10 C:\xampp\htdocs\miracleworld\app\Controllers\Dashboard.php(110): front_view('dashboard/defau...', Array)
#11 C:\xampp\htdocs\miracleworld\system\CodeIgniter.php(824): App\Controllers\Dashboard->index()
#12 C:\xampp\htdocs\miracleworld\system\CodeIgniter.php(410): CodeIgniter\CodeIgniter->runController(Object(App\Controllers\Dashboard))
#13 C:\xampp\htdocs\miracleworld\system\CodeIgniter.php(318): CodeIgniter\CodeIgniter->handleRequest(NULL, Object(Config\Cache), false)
#14 C:\xampp\htdocs\miracleworld\index.php(37): CodeIgniter\CodeIgniter->run()
#15 {main}
CRITICAL - 2022-08-26 09:19:08 --> Undefined variable $withdrawal
#0 C:\xampp\htdocs\miracleworld\public\themes\dashboard\index.php(269): CodeIgniter\Debug\Exceptions->errorHandler(2, 'Undefined varia...', 'C:\\xampp\\htdocs...', 269)
#1 C:\xampp\htdocs\miracleworld\system\View\View.php(214): include('C:\\xampp\\htdocs...')
#2 C:\xampp\htdocs\miracleworld\system\View\View.php(217): CodeIgniter\View\View->CodeIgniter\View\{closure}()
#3 C:\xampp\htdocs\miracleworld\system\Common.php(1097): CodeIgniter\View\View->render('../../public/th...', Array, true)
#4 C:\xampp\htdocs\miracleworld\app\Common.php(22): view('../../public/th...', Array)
#5 C:\xampp\htdocs\miracleworld\public\themes\dashboard\default.php(233): front_view('dashboard/index')
#6 C:\xampp\htdocs\miracleworld\system\View\View.php(214): include('C:\\xampp\\htdocs...')
#7 C:\xampp\htdocs\miracleworld\system\View\View.php(217): CodeIgniter\View\View->CodeIgniter\View\{closure}()
#8 C:\xampp\htdocs\miracleworld\system\Common.php(1097): CodeIgniter\View\View->render('../../public/th...', Array, true)
#9 C:\xampp\htdocs\miracleworld\app\Common.php(22): view('../../public/th...', Array)
#10 C:\xampp\htdocs\miracleworld\app\Controllers\Dashboard.php(110): front_view('dashboard/defau...', Array)
#11 C:\xampp\htdocs\miracleworld\system\CodeIgniter.php(824): App\Controllers\Dashboard->index()
#12 C:\xampp\htdocs\miracleworld\system\CodeIgniter.php(410): CodeIgniter\CodeIgniter->runController(Object(App\Controllers\Dashboard))
#13 C:\xampp\htdocs\miracleworld\system\CodeIgniter.php(318): CodeIgniter\CodeIgniter->handleRequest(NULL, Object(Config\Cache), false)
#14 C:\xampp\htdocs\miracleworld\index.php(37): CodeIgniter\CodeIgniter->run()
#15 {main}
CRITICAL - 2022-08-26 09:19:16 --> Undefined variable $members
#0 C:\xampp\htdocs\miracleworld\public\themes\dashboard\index.php(295): CodeIgniter\Debug\Exceptions->errorHandler(2, 'Undefined varia...', 'C:\\xampp\\htdocs...', 295)
#1 C:\xampp\htdocs\miracleworld\system\View\View.php(214): include('C:\\xampp\\htdocs...')
#2 C:\xampp\htdocs\miracleworld\system\View\View.php(217): CodeIgniter\View\View->CodeIgniter\View\{closure}()
#3 C:\xampp\htdocs\miracleworld\system\Common.php(1097): CodeIgniter\View\View->render('../../public/th...', Array, true)
#4 C:\xampp\htdocs\miracleworld\app\Common.php(22): view('../../public/th...', Array)
#5 C:\xampp\htdocs\miracleworld\public\themes\dashboard\default.php(233): front_view('dashboard/index')
#6 C:\xampp\htdocs\miracleworld\system\View\View.php(214): include('C:\\xampp\\htdocs...')
#7 C:\xampp\htdocs\miracleworld\system\View\View.php(217): CodeIgniter\View\View->CodeIgniter\View\{closure}()
#8 C:\xampp\htdocs\miracleworld\system\Common.php(1097): CodeIgniter\View\View->render('../../public/th...', Array, true)
#9 C:\xampp\htdocs\miracleworld\app\Common.php(22): view('../../public/th...', Array)
#10 C:\xampp\htdocs\miracleworld\app\Controllers\Dashboard.php(110): front_view('dashboard/defau...', Array)
#11 C:\xampp\htdocs\miracleworld\system\CodeIgniter.php(824): App\Controllers\Dashboard->index()
#12 C:\xampp\htdocs\miracleworld\system\CodeIgniter.php(410): CodeIgniter\CodeIgniter->runController(Object(App\Controllers\Dashboard))
#13 C:\xampp\htdocs\miracleworld\system\CodeIgniter.php(318): CodeIgniter\CodeIgniter->handleRequest(NULL, Object(Config\Cache), false)
#14 C:\xampp\htdocs\miracleworld\index.php(37): CodeIgniter\CodeIgniter->run()
#15 {main}
