CRITICAL - 2022-09-07 02:19:42 --> CodeIgniter\Database\BaseBuilder::insert(): Argument #1 ($set) must be of type ?array, stdClass given, called in C:\xampp\htdocs\miracleworld\app\Controllers\Home.php on line 577
#0 C:\xampp\htdocs\miracleworld\app\Controllers\Home.php(577): CodeIgniter\Database\BaseBuilder->insert(Object(stdClass))
#1 C:\xampp\htdocs\miracleworld\system\CodeIgniter.php(824): App\Controllers\Home->resetdb()
#2 C:\xampp\htdocs\miracleworld\system\CodeIgniter.php(410): CodeIgniter\CodeIgniter->runController(Object(App\Controllers\Home))
#3 C:\xampp\htdocs\miracleworld\system\CodeIgniter.php(318): CodeIgniter\CodeIgniter->handleRequest(NULL, Object(Config\Cache), false)
#4 C:\xampp\htdocs\miracleworld\index.php(37): CodeIgniter\CodeIgniter->run()
#5 {main}
ERROR - 2022-09-07 02:25:58 --> Email: sendWithMail throwed mail(): Failed to connect to mailserver at &quot;localhost&quot; port 25, verify your &quot;SMTP&quot; and &quot;smtp_port&quot; setting in php.ini or use ini_set()
CRITICAL - 2022-09-07 02:28:52 --> Attempt to read property "email_id" on null
#0 C:\xampp\htdocs\miracleworld\app\Controllers\Home.php(299): CodeIgniter\Debug\Exceptions->errorHandler(2, 'Attempt to read...', 'C:\\xampp\\htdocs...', 299)
#1 C:\xampp\htdocs\miracleworld\system\CodeIgniter.php(824): App\Controllers\Home->otp_resent()
#2 C:\xampp\htdocs\miracleworld\system\CodeIgniter.php(410): CodeIgniter\CodeIgniter->runController(Object(App\Controllers\Home))
#3 C:\xampp\htdocs\miracleworld\system\CodeIgniter.php(318): CodeIgniter\CodeIgniter->handleRequest(NULL, Object(Config\Cache), false)
#4 C:\xampp\htdocs\miracleworld\index.php(37): CodeIgniter\CodeIgniter->run()
#5 {main}
ERROR - 2022-09-07 02:29:25 --> Email: sendWithMail throwed mail(): Failed to connect to mailserver at &quot;localhost&quot; port 25, verify your &quot;SMTP&quot; and &quot;smtp_port&quot; setting in php.ini or use ini_set()
ERROR - 2022-09-07 02:31:07 --> Email: sendWithMail throwed mail(): Failed to connect to mailserver at &quot;localhost&quot; port 25, verify your &quot;SMTP&quot; and &quot;smtp_port&quot; setting in php.ini or use ini_set()
ERROR - 2022-09-07 02:32:46 --> Email: sendWithMail throwed mail(): Failed to connect to mailserver at &quot;localhost&quot; port 25, verify your &quot;SMTP&quot; and &quot;smtp_port&quot; setting in php.ini or use ini_set()
ERROR - 2022-09-07 02:33:04 --> Email: sendWithMail throwed mail(): Failed to connect to mailserver at &quot;localhost&quot; port 25, verify your &quot;SMTP&quot; and &quot;smtp_port&quot; setting in php.ini or use ini_set()
CRITICAL - 2022-09-07 03:28:37 --> Attempt to read property "id" on null
#0 C:\xampp\htdocs\miracleworld\public\themes\dashboard\activate.php(22): CodeIgniter\Debug\Exceptions->errorHandler(2, 'Attempt to read...', 'C:\\xampp\\htdocs...', 22)
#1 C:\xampp\htdocs\miracleworld\system\View\View.php(214): include('C:\\xampp\\htdocs...')
#2 C:\xampp\htdocs\miracleworld\system\View\View.php(217): CodeIgniter\View\View->CodeIgniter\View\{closure}()
#3 C:\xampp\htdocs\miracleworld\system\Common.php(1097): CodeIgniter\View\View->render('../../public/th...', Array, true)
#4 C:\xampp\htdocs\miracleworld\app\Common.php(22): view('../../public/th...', Array)
#5 C:\xampp\htdocs\miracleworld\public\themes\dashboard\default.php(210): front_view('dashboard/activ...')
#6 C:\xampp\htdocs\miracleworld\system\View\View.php(214): include('C:\\xampp\\htdocs...')
#7 C:\xampp\htdocs\miracleworld\system\View\View.php(217): CodeIgniter\View\View->CodeIgniter\View\{closure}()
#8 C:\xampp\htdocs\miracleworld\system\Common.php(1097): CodeIgniter\View\View->render('../../public/th...', Array, true)
#9 C:\xampp\htdocs\miracleworld\app\Common.php(22): view('../../public/th...', Array)
#10 C:\xampp\htdocs\miracleworld\app\Controllers\Dashboard.php(514): front_view('dashboard/defau...', Array)
#11 C:\xampp\htdocs\miracleworld\system\CodeIgniter.php(824): App\Controllers\Dashboard->activate()
#12 C:\xampp\htdocs\miracleworld\system\CodeIgniter.php(410): CodeIgniter\CodeIgniter->runController(Object(App\Controllers\Dashboard))
#13 C:\xampp\htdocs\miracleworld\system\CodeIgniter.php(318): CodeIgniter\CodeIgniter->handleRequest(NULL, Object(Config\Cache), false)
#14 C:\xampp\htdocs\miracleworld\index.php(37): CodeIgniter\CodeIgniter->run()
#15 {main}
CRITICAL - 2022-09-07 03:29:33 --> Undefined variable $user
#0 C:\xampp\htdocs\miracleworld\public\themes\dashboard\activate.php(22): CodeIgniter\Debug\Exceptions->errorHandler(2, 'Undefined varia...', 'C:\\xampp\\htdocs...', 22)
#1 C:\xampp\htdocs\miracleworld\system\View\View.php(214): include('C:\\xampp\\htdocs...')
#2 C:\xampp\htdocs\miracleworld\system\View\View.php(217): CodeIgniter\View\View->CodeIgniter\View\{closure}()
#3 C:\xampp\htdocs\miracleworld\system\Common.php(1097): CodeIgniter\View\View->render('../../public/th...', Array, true)
#4 C:\xampp\htdocs\miracleworld\app\Common.php(22): view('../../public/th...', Array)
#5 C:\xampp\htdocs\miracleworld\public\themes\dashboard\default.php(210): front_view('dashboard/activ...')
#6 C:\xampp\htdocs\miracleworld\system\View\View.php(214): include('C:\\xampp\\htdocs...')
#7 C:\xampp\htdocs\miracleworld\system\View\View.php(217): CodeIgniter\View\View->CodeIgniter\View\{closure}()
#8 C:\xampp\htdocs\miracleworld\system\Common.php(1097): CodeIgniter\View\View->render('../../public/th...', Array, true)
#9 C:\xampp\htdocs\miracleworld\app\Common.php(22): view('../../public/th...', Array)
#10 C:\xampp\htdocs\miracleworld\app\Controllers\Dashboard.php(485): front_view('dashboard/defau...', Array)
#11 C:\xampp\htdocs\miracleworld\system\CodeIgniter.php(824): App\Controllers\Dashboard->activate()
#12 C:\xampp\htdocs\miracleworld\system\CodeIgniter.php(410): CodeIgniter\CodeIgniter->runController(Object(App\Controllers\Dashboard))
#13 C:\xampp\htdocs\miracleworld\system\CodeIgniter.php(318): CodeIgniter\CodeIgniter->handleRequest(NULL, Object(Config\Cache), false)
#14 C:\xampp\htdocs\miracleworld\index.php(37): CodeIgniter\CodeIgniter->run()
#15 {main}
CRITICAL - 2022-09-07 03:31:05 --> Undefined variable $user
#0 C:\xampp\htdocs\miracleworld\public\themes\dashboard\activate.php(8): CodeIgniter\Debug\Exceptions->errorHandler(2, 'Undefined varia...', 'C:\\xampp\\htdocs...', 8)
#1 C:\xampp\htdocs\miracleworld\system\View\View.php(214): include('C:\\xampp\\htdocs...')
#2 C:\xampp\htdocs\miracleworld\system\View\View.php(217): CodeIgniter\View\View->CodeIgniter\View\{closure}()
#3 C:\xampp\htdocs\miracleworld\system\Common.php(1097): CodeIgniter\View\View->render('../../public/th...', Array, true)
#4 C:\xampp\htdocs\miracleworld\app\Common.php(22): view('../../public/th...', Array)
#5 C:\xampp\htdocs\miracleworld\public\themes\dashboard\default.php(210): front_view('dashboard/activ...')
#6 C:\xampp\htdocs\miracleworld\system\View\View.php(214): include('C:\\xampp\\htdocs...')
#7 C:\xampp\htdocs\miracleworld\system\View\View.php(217): CodeIgniter\View\View->CodeIgniter\View\{closure}()
#8 C:\xampp\htdocs\miracleworld\system\Common.php(1097): CodeIgniter\View\View->render('../../public/th...', Array, true)
#9 C:\xampp\htdocs\miracleworld\app\Common.php(22): view('../../public/th...', Array)
#10 C:\xampp\htdocs\miracleworld\app\Controllers\Dashboard.php(485): front_view('dashboard/defau...', Array)
#11 C:\xampp\htdocs\miracleworld\system\CodeIgniter.php(824): App\Controllers\Dashboard->activate()
#12 C:\xampp\htdocs\miracleworld\system\CodeIgniter.php(410): CodeIgniter\CodeIgniter->runController(Object(App\Controllers\Dashboard))
#13 C:\xampp\htdocs\miracleworld\system\CodeIgniter.php(318): CodeIgniter\CodeIgniter->handleRequest(NULL, Object(Config\Cache), false)
#14 C:\xampp\htdocs\miracleworld\index.php(37): CodeIgniter\CodeIgniter->run()
#15 {main}
CRITICAL - 2022-09-07 03:34:56 --> Undefined variable $cnf
#0 C:\xampp\htdocs\miracleworld\public\themes\dashboard\activate.php(20): CodeIgniter\Debug\Exceptions->errorHandler(2, 'Undefined varia...', 'C:\\xampp\\htdocs...', 20)
#1 C:\xampp\htdocs\miracleworld\system\View\View.php(214): include('C:\\xampp\\htdocs...')
#2 C:\xampp\htdocs\miracleworld\system\View\View.php(217): CodeIgniter\View\View->CodeIgniter\View\{closure}()
#3 C:\xampp\htdocs\miracleworld\system\Common.php(1097): CodeIgniter\View\View->render('../../public/th...', Array, true)
#4 C:\xampp\htdocs\miracleworld\app\Common.php(22): view('../../public/th...', Array)
#5 C:\xampp\htdocs\miracleworld\public\themes\dashboard\default.php(210): front_view('dashboard/activ...')
#6 C:\xampp\htdocs\miracleworld\system\View\View.php(214): include('C:\\xampp\\htdocs...')
#7 C:\xampp\htdocs\miracleworld\system\View\View.php(217): CodeIgniter\View\View->CodeIgniter\View\{closure}()
#8 C:\xampp\htdocs\miracleworld\system\Common.php(1097): CodeIgniter\View\View->render('../../public/th...', Array, true)
#9 C:\xampp\htdocs\miracleworld\app\Common.php(22): view('../../public/th...', Array)
#10 C:\xampp\htdocs\miracleworld\app\Controllers\Dashboard.php(485): front_view('dashboard/defau...', Array)
#11 C:\xampp\htdocs\miracleworld\system\CodeIgniter.php(824): App\Controllers\Dashboard->activate()
#12 C:\xampp\htdocs\miracleworld\system\CodeIgniter.php(410): CodeIgniter\CodeIgniter->runController(Object(App\Controllers\Dashboard))
#13 C:\xampp\htdocs\miracleworld\system\CodeIgniter.php(318): CodeIgniter\CodeIgniter->handleRequest(NULL, Object(Config\Cache), false)
#14 C:\xampp\htdocs\miracleworld\index.php(37): CodeIgniter\CodeIgniter->run()
#15 {main}
CRITICAL - 2022-09-07 03:35:04 --> Undefined variable $cng
#0 C:\xampp\htdocs\miracleworld\public\themes\dashboard\activate.php(20): CodeIgniter\Debug\Exceptions->errorHandler(2, 'Undefined varia...', 'C:\\xampp\\htdocs...', 20)
#1 C:\xampp\htdocs\miracleworld\system\View\View.php(214): include('C:\\xampp\\htdocs...')
#2 C:\xampp\htdocs\miracleworld\system\View\View.php(217): CodeIgniter\View\View->CodeIgniter\View\{closure}()
#3 C:\xampp\htdocs\miracleworld\system\Common.php(1097): CodeIgniter\View\View->render('../../public/th...', Array, true)
#4 C:\xampp\htdocs\miracleworld\app\Common.php(22): view('../../public/th...', Array)
#5 C:\xampp\htdocs\miracleworld\public\themes\dashboard\default.php(210): front_view('dashboard/activ...')
#6 C:\xampp\htdocs\miracleworld\system\View\View.php(214): include('C:\\xampp\\htdocs...')
#7 C:\xampp\htdocs\miracleworld\system\View\View.php(217): CodeIgniter\View\View->CodeIgniter\View\{closure}()
#8 C:\xampp\htdocs\miracleworld\system\Common.php(1097): CodeIgniter\View\View->render('../../public/th...', Array, true)
#9 C:\xampp\htdocs\miracleworld\app\Common.php(22): view('../../public/th...', Array)
#10 C:\xampp\htdocs\miracleworld\app\Controllers\Dashboard.php(485): front_view('dashboard/defau...', Array)
#11 C:\xampp\htdocs\miracleworld\system\CodeIgniter.php(824): App\Controllers\Dashboard->activate()
#12 C:\xampp\htdocs\miracleworld\system\CodeIgniter.php(410): CodeIgniter\CodeIgniter->runController(Object(App\Controllers\Dashboard))
#13 C:\xampp\htdocs\miracleworld\system\CodeIgniter.php(318): CodeIgniter\CodeIgniter->handleRequest(NULL, Object(Config\Cache), false)
#14 C:\xampp\htdocs\miracleworld\index.php(37): CodeIgniter\CodeIgniter->run()
#15 {main}
CRITICAL - 2022-09-07 04:19:27 --> Invalid file: ../../public/themes/dashboard/retoup-self.php
#0 C:\xampp\htdocs\miracleworld\system\View\View.php(198): CodeIgniter\Exceptions\FrameworkException::forInvalidFile('../../public/th...')
#1 C:\xampp\htdocs\miracleworld\system\Common.php(1097): CodeIgniter\View\View->render('../../public/th...', Array, true)
#2 C:\xampp\htdocs\miracleworld\app\Common.php(22): view('../../public/th...', Array)
#3 C:\xampp\htdocs\miracleworld\public\themes\dashboard\default.php(209): front_view('dashboard/retou...')
#4 C:\xampp\htdocs\miracleworld\system\View\View.php(214): include('C:\\xampp\\htdocs...')
#5 C:\xampp\htdocs\miracleworld\system\View\View.php(217): CodeIgniter\View\View->CodeIgniter\View\{closure}()
#6 C:\xampp\htdocs\miracleworld\system\Common.php(1097): CodeIgniter\View\View->render('../../public/th...', Array, true)
#7 C:\xampp\htdocs\miracleworld\app\Common.php(22): view('../../public/th...', Array)
#8 C:\xampp\htdocs\miracleworld\app\Controllers\Dashboard.php(493): front_view('dashboard/defau...', Array)
#9 C:\xampp\htdocs\miracleworld\system\CodeIgniter.php(824): App\Controllers\Dashboard->retopup_self()
#10 C:\xampp\htdocs\miracleworld\system\CodeIgniter.php(410): CodeIgniter\CodeIgniter->runController(Object(App\Controllers\Dashboard))
#11 C:\xampp\htdocs\miracleworld\system\CodeIgniter.php(318): CodeIgniter\CodeIgniter->handleRequest(NULL, Object(Config\Cache), false)
#12 C:\xampp\htdocs\miracleworld\index.php(37): CodeIgniter\CodeIgniter->run()
#13 {main}
CRITICAL - 2022-09-07 04:19:50 --> Undefined variable $list
#0 C:\xampp\htdocs\miracleworld\public\themes\dashboard\retoup-self.php(16): CodeIgniter\Debug\Exceptions->errorHandler(2, 'Undefined varia...', 'C:\\xampp\\htdocs...', 16)
#1 C:\xampp\htdocs\miracleworld\system\View\View.php(214): include('C:\\xampp\\htdocs...')
#2 C:\xampp\htdocs\miracleworld\system\View\View.php(217): CodeIgniter\View\View->CodeIgniter\View\{closure}()
#3 C:\xampp\htdocs\miracleworld\system\Common.php(1097): CodeIgniter\View\View->render('../../public/th...', Array, true)
#4 C:\xampp\htdocs\miracleworld\app\Common.php(22): view('../../public/th...', Array)
#5 C:\xampp\htdocs\miracleworld\public\themes\dashboard\default.php(209): front_view('dashboard/retou...')
#6 C:\xampp\htdocs\miracleworld\system\View\View.php(214): include('C:\\xampp\\htdocs...')
#7 C:\xampp\htdocs\miracleworld\system\View\View.php(217): CodeIgniter\View\View->CodeIgniter\View\{closure}()
#8 C:\xampp\htdocs\miracleworld\system\Common.php(1097): CodeIgniter\View\View->render('../../public/th...', Array, true)
#9 C:\xampp\htdocs\miracleworld\app\Common.php(22): view('../../public/th...', Array)
#10 C:\xampp\htdocs\miracleworld\app\Controllers\Dashboard.php(493): front_view('dashboard/defau...', Array)
#11 C:\xampp\htdocs\miracleworld\system\CodeIgniter.php(824): App\Controllers\Dashboard->retopup_self()
#12 C:\xampp\htdocs\miracleworld\system\CodeIgniter.php(410): CodeIgniter\CodeIgniter->runController(Object(App\Controllers\Dashboard))
#13 C:\xampp\htdocs\miracleworld\system\CodeIgniter.php(318): CodeIgniter\CodeIgniter->handleRequest(NULL, Object(Config\Cache), false)
#14 C:\xampp\htdocs\miracleworld\index.php(37): CodeIgniter\CodeIgniter->run()
#15 {main}
CRITICAL - 2022-09-07 04:20:13 --> Invalid file: ../../public/themes/dashboard/retoup-others.php
#0 C:\xampp\htdocs\miracleworld\system\View\View.php(198): CodeIgniter\Exceptions\FrameworkException::forInvalidFile('../../public/th...')
#1 C:\xampp\htdocs\miracleworld\system\Common.php(1097): CodeIgniter\View\View->render('../../public/th...', Array, true)
#2 C:\xampp\htdocs\miracleworld\app\Common.php(22): view('../../public/th...', Array)
#3 C:\xampp\htdocs\miracleworld\public\themes\dashboard\default.php(209): front_view('dashboard/retou...')
#4 C:\xampp\htdocs\miracleworld\system\View\View.php(214): include('C:\\xampp\\htdocs...')
#5 C:\xampp\htdocs\miracleworld\system\View\View.php(217): CodeIgniter\View\View->CodeIgniter\View\{closure}()
#6 C:\xampp\htdocs\miracleworld\system\Common.php(1097): CodeIgniter\View\View->render('../../public/th...', Array, true)
#7 C:\xampp\htdocs\miracleworld\app\Common.php(22): view('../../public/th...', Array)
#8 C:\xampp\htdocs\miracleworld\app\Controllers\Dashboard.php(500): front_view('dashboard/defau...', Array)
#9 C:\xampp\htdocs\miracleworld\system\CodeIgniter.php(824): App\Controllers\Dashboard->retopup_others()
#10 C:\xampp\htdocs\miracleworld\system\CodeIgniter.php(410): CodeIgniter\CodeIgniter->runController(Object(App\Controllers\Dashboard))
#11 C:\xampp\htdocs\miracleworld\system\CodeIgniter.php(318): CodeIgniter\CodeIgniter->handleRequest(NULL, Object(Config\Cache), false)
#12 C:\xampp\htdocs\miracleworld\index.php(37): CodeIgniter\CodeIgniter->run()
#13 {main}
CRITICAL - 2022-09-07 04:20:30 --> Invalid file: ../../public/themes/dashboard/retoup-others.php
#0 C:\xampp\htdocs\miracleworld\system\View\View.php(198): CodeIgniter\Exceptions\FrameworkException::forInvalidFile('../../public/th...')
#1 C:\xampp\htdocs\miracleworld\system\Common.php(1097): CodeIgniter\View\View->render('../../public/th...', Array, true)
#2 C:\xampp\htdocs\miracleworld\app\Common.php(22): view('../../public/th...', Array)
#3 C:\xampp\htdocs\miracleworld\public\themes\dashboard\default.php(209): front_view('dashboard/retou...')
#4 C:\xampp\htdocs\miracleworld\system\View\View.php(214): include('C:\\xampp\\htdocs...')
#5 C:\xampp\htdocs\miracleworld\system\View\View.php(217): CodeIgniter\View\View->CodeIgniter\View\{closure}()
#6 C:\xampp\htdocs\miracleworld\system\Common.php(1097): CodeIgniter\View\View->render('../../public/th...', Array, true)
#7 C:\xampp\htdocs\miracleworld\app\Common.php(22): view('../../public/th...', Array)
#8 C:\xampp\htdocs\miracleworld\app\Controllers\Dashboard.php(500): front_view('dashboard/defau...', Array)
#9 C:\xampp\htdocs\miracleworld\system\CodeIgniter.php(824): App\Controllers\Dashboard->retopup_others()
#10 C:\xampp\htdocs\miracleworld\system\CodeIgniter.php(410): CodeIgniter\CodeIgniter->runController(Object(App\Controllers\Dashboard))
#11 C:\xampp\htdocs\miracleworld\system\CodeIgniter.php(318): CodeIgniter\CodeIgniter->handleRequest(NULL, Object(Config\Cache), false)
#12 C:\xampp\htdocs\miracleworld\index.php(37): CodeIgniter\CodeIgniter->run()
#13 {main}
CRITICAL - 2022-09-07 04:20:59 --> Undefined variable $list
#0 C:\xampp\htdocs\miracleworld\public\themes\dashboard\retoup-self.php(16): CodeIgniter\Debug\Exceptions->errorHandler(2, 'Undefined varia...', 'C:\\xampp\\htdocs...', 16)
#1 C:\xampp\htdocs\miracleworld\system\View\View.php(214): include('C:\\xampp\\htdocs...')
#2 C:\xampp\htdocs\miracleworld\system\View\View.php(217): CodeIgniter\View\View->CodeIgniter\View\{closure}()
#3 C:\xampp\htdocs\miracleworld\system\Common.php(1097): CodeIgniter\View\View->render('../../public/th...', Array, true)
#4 C:\xampp\htdocs\miracleworld\app\Common.php(22): view('../../public/th...', Array)
#5 C:\xampp\htdocs\miracleworld\public\themes\dashboard\default.php(209): front_view('dashboard/retou...')
#6 C:\xampp\htdocs\miracleworld\system\View\View.php(214): include('C:\\xampp\\htdocs...')
#7 C:\xampp\htdocs\miracleworld\system\View\View.php(217): CodeIgniter\View\View->CodeIgniter\View\{closure}()
#8 C:\xampp\htdocs\miracleworld\system\Common.php(1097): CodeIgniter\View\View->render('../../public/th...', Array, true)
#9 C:\xampp\htdocs\miracleworld\app\Common.php(22): view('../../public/th...', Array)
#10 C:\xampp\htdocs\miracleworld\app\Controllers\Dashboard.php(493): front_view('dashboard/defau...', Array)
#11 C:\xampp\htdocs\miracleworld\system\CodeIgniter.php(824): App\Controllers\Dashboard->retopup_self()
#12 C:\xampp\htdocs\miracleworld\system\CodeIgniter.php(410): CodeIgniter\CodeIgniter->runController(Object(App\Controllers\Dashboard))
#13 C:\xampp\htdocs\miracleworld\system\CodeIgniter.php(318): CodeIgniter\CodeIgniter->handleRequest(NULL, Object(Config\Cache), false)
#14 C:\xampp\htdocs\miracleworld\index.php(37): CodeIgniter\CodeIgniter->run()
#15 {main}
CRITICAL - 2022-09-07 04:22:25 --> Undefined variable $list
#0 C:\xampp\htdocs\miracleworld\public\themes\dashboard\retoup-self.php(16): CodeIgniter\Debug\Exceptions->errorHandler(2, 'Undefined varia...', 'C:\\xampp\\htdocs...', 16)
#1 C:\xampp\htdocs\miracleworld\system\View\View.php(214): include('C:\\xampp\\htdocs...')
#2 C:\xampp\htdocs\miracleworld\system\View\View.php(217): CodeIgniter\View\View->CodeIgniter\View\{closure}()
#3 C:\xampp\htdocs\miracleworld\system\Common.php(1097): CodeIgniter\View\View->render('../../public/th...', Array, true)
#4 C:\xampp\htdocs\miracleworld\app\Common.php(22): view('../../public/th...', Array)
#5 C:\xampp\htdocs\miracleworld\public\themes\dashboard\default.php(208): front_view('dashboard/retou...')
#6 C:\xampp\htdocs\miracleworld\system\View\View.php(214): include('C:\\xampp\\htdocs...')
#7 C:\xampp\htdocs\miracleworld\system\View\View.php(217): CodeIgniter\View\View->CodeIgniter\View\{closure}()
#8 C:\xampp\htdocs\miracleworld\system\Common.php(1097): CodeIgniter\View\View->render('../../public/th...', Array, true)
#9 C:\xampp\htdocs\miracleworld\app\Common.php(22): view('../../public/th...', Array)
#10 C:\xampp\htdocs\miracleworld\app\Controllers\Dashboard.php(493): front_view('dashboard/defau...', Array)
#11 C:\xampp\htdocs\miracleworld\system\CodeIgniter.php(824): App\Controllers\Dashboard->retopup_self()
#12 C:\xampp\htdocs\miracleworld\system\CodeIgniter.php(410): CodeIgniter\CodeIgniter->runController(Object(App\Controllers\Dashboard))
#13 C:\xampp\htdocs\miracleworld\system\CodeIgniter.php(318): CodeIgniter\CodeIgniter->handleRequest(NULL, Object(Config\Cache), false)
#14 C:\xampp\htdocs\miracleworld\index.php(37): CodeIgniter\CodeIgniter->run()
#15 {main}
CRITICAL - 2022-09-07 04:22:30 --> Undefined variable $list
#0 C:\xampp\htdocs\miracleworld\public\themes\dashboard\retoup-self.php(16): CodeIgniter\Debug\Exceptions->errorHandler(2, 'Undefined varia...', 'C:\\xampp\\htdocs...', 16)
#1 C:\xampp\htdocs\miracleworld\system\View\View.php(214): include('C:\\xampp\\htdocs...')
#2 C:\xampp\htdocs\miracleworld\system\View\View.php(217): CodeIgniter\View\View->CodeIgniter\View\{closure}()
#3 C:\xampp\htdocs\miracleworld\system\Common.php(1097): CodeIgniter\View\View->render('../../public/th...', Array, true)
#4 C:\xampp\htdocs\miracleworld\app\Common.php(22): view('../../public/th...', Array)
#5 C:\xampp\htdocs\miracleworld\public\themes\dashboard\default.php(208): front_view('dashboard/retou...')
#6 C:\xampp\htdocs\miracleworld\system\View\View.php(214): include('C:\\xampp\\htdocs...')
#7 C:\xampp\htdocs\miracleworld\system\View\View.php(217): CodeIgniter\View\View->CodeIgniter\View\{closure}()
#8 C:\xampp\htdocs\miracleworld\system\Common.php(1097): CodeIgniter\View\View->render('../../public/th...', Array, true)
#9 C:\xampp\htdocs\miracleworld\app\Common.php(22): view('../../public/th...', Array)
#10 C:\xampp\htdocs\miracleworld\app\Controllers\Dashboard.php(493): front_view('dashboard/defau...', Array)
#11 C:\xampp\htdocs\miracleworld\system\CodeIgniter.php(824): App\Controllers\Dashboard->retopup_self()
#12 C:\xampp\htdocs\miracleworld\system\CodeIgniter.php(410): CodeIgniter\CodeIgniter->runController(Object(App\Controllers\Dashboard))
#13 C:\xampp\htdocs\miracleworld\system\CodeIgniter.php(318): CodeIgniter\CodeIgniter->handleRequest(NULL, Object(Config\Cache), false)
#14 C:\xampp\htdocs\miracleworld\index.php(37): CodeIgniter\CodeIgniter->run()
#15 {main}
CRITICAL - 2022-09-07 04:24:21 --> Invalid file: ../../public/themes/dashboard/topup-accounts.php
#0 C:\xampp\htdocs\miracleworld\system\View\View.php(198): CodeIgniter\Exceptions\FrameworkException::forInvalidFile('../../public/th...')
#1 C:\xampp\htdocs\miracleworld\system\Common.php(1097): CodeIgniter\View\View->render('../../public/th...', Array, true)
#2 C:\xampp\htdocs\miracleworld\app\Common.php(22): view('../../public/th...', Array)
#3 C:\xampp\htdocs\miracleworld\public\themes\dashboard\default.php(208): front_view('dashboard/topup...')
#4 C:\xampp\htdocs\miracleworld\system\View\View.php(214): include('C:\\xampp\\htdocs...')
#5 C:\xampp\htdocs\miracleworld\system\View\View.php(217): CodeIgniter\View\View->CodeIgniter\View\{closure}()
#6 C:\xampp\htdocs\miracleworld\system\Common.php(1097): CodeIgniter\View\View->render('../../public/th...', Array, true)
#7 C:\xampp\htdocs\miracleworld\app\Common.php(22): view('../../public/th...', Array)
#8 C:\xampp\htdocs\miracleworld\app\Controllers\Dashboard.php(493): front_view('dashboard/defau...', Array)
#9 C:\xampp\htdocs\miracleworld\system\CodeIgniter.php(824): App\Controllers\Dashboard->retopup_self()
#10 C:\xampp\htdocs\miracleworld\system\CodeIgniter.php(410): CodeIgniter\CodeIgniter->runController(Object(App\Controllers\Dashboard))
#11 C:\xampp\htdocs\miracleworld\system\CodeIgniter.php(318): CodeIgniter\CodeIgniter->handleRequest(NULL, Object(Config\Cache), false)
#12 C:\xampp\htdocs\miracleworld\index.php(37): CodeIgniter\CodeIgniter->run()
#13 {main}
CRITICAL - 2022-09-07 04:52:16 --> Undefined variable $_SESSION
#0 C:\xampp\htdocs\miracleworld\app\Controllers\Api.php(90): CodeIgniter\Debug\Exceptions->errorHandler(2, 'Undefined varia...', 'C:\\xampp\\htdocs...', 90)
#1 C:\xampp\htdocs\miracleworld\system\CodeIgniter.php(824): App\Controllers\Api->call()
#2 C:\xampp\htdocs\miracleworld\system\CodeIgniter.php(410): CodeIgniter\CodeIgniter->runController(Object(App\Controllers\Api))
#3 C:\xampp\htdocs\miracleworld\system\CodeIgniter.php(318): CodeIgniter\CodeIgniter->handleRequest(NULL, Object(Config\Cache), false)
#4 C:\xampp\htdocs\miracleworld\index.php(37): CodeIgniter\CodeIgniter->run()
#5 {main}
