ERROR - 2022-09-14 07:09:50 --> Error connecting to the database: Access denied for user '****'@'localhost' (using password: YES)
CRITICAL - 2022-09-14 07:09:50 --> Unable to connect to the database.
Main connection [MySQLi]: Access denied for user '****'@'localhost' (using password: YES)
#0 /var/www/vhosts/miraccleworld.com/httpdocs/system/Database/BaseConnection.php(577): CodeIgniter\Database\BaseConnection->initialize()
#1 /var/www/vhosts/miraccleworld.com/httpdocs/system/Database/BaseBuilder.php(1443): CodeIgniter\Database\BaseConnection->query()
#2 /var/www/vhosts/miraccleworld.com/httpdocs/app/Controllers/Api.php(41): CodeIgniter\Database\BaseBuilder->get()
#3 /var/www/vhosts/miraccleworld.com/httpdocs/system/CodeIgniter.php(824): App\Controllers\Api->site()
#4 /var/www/vhosts/miraccleworld.com/httpdocs/system/CodeIgniter.php(410): CodeIgniter\CodeIgniter->runController()
#5 /var/www/vhosts/miraccleworld.com/httpdocs/system/CodeIgniter.php(318): CodeIgniter\CodeIgniter->handleRequest()
#6 /var/www/vhosts/miraccleworld.com/httpdocs/index.php(37): CodeIgniter\CodeIgniter->run()
#7 {main}
ERROR - 2022-09-14 07:16:24 --> Error connecting to the database: Access denied for user '****'@'localhost' (using password: YES)
CRITICAL - 2022-09-14 07:16:24 --> Unable to connect to the database.
Main connection [MySQLi]: Access denied for user '****'@'localhost' (using password: YES)
#0 /var/www/vhosts/miraccleworld.com/httpdocs/system/Database/BaseConnection.php(577): CodeIgniter\Database\BaseConnection->initialize()
#1 /var/www/vhosts/miraccleworld.com/httpdocs/system/Database/BaseBuilder.php(1576): CodeIgniter\Database\BaseConnection->query()
#2 /var/www/vhosts/miraccleworld.com/httpdocs/app/Controllers/Home.php(505): CodeIgniter\Database\BaseBuilder->getWhere()
#3 /var/www/vhosts/miraccleworld.com/httpdocs/system/CodeIgniter.php(824): App\Controllers\Home->resetdb()
#4 /var/www/vhosts/miraccleworld.com/httpdocs/system/CodeIgniter.php(410): CodeIgniter\CodeIgniter->runController()
#5 /var/www/vhosts/miraccleworld.com/httpdocs/system/CodeIgniter.php(318): CodeIgniter\CodeIgniter->handleRequest()
#6 /var/www/vhosts/miraccleworld.com/httpdocs/index.php(37): CodeIgniter\CodeIgniter->run()
#7 {main}
