CRITICAL - 2022-08-20 09:36:12 --> Call to undefined function ImageCreate()
#0 C:\xampp\htdocs\cryptoads\app\ThirdParty\qrlib\qrimage.php(32): QRimage::image(Array, 3, 4)
#1 C:\xampp\htdocs\cryptoads\app\ThirdParty\qrlib\qrencode.php(494): QRimage::png(Array, 'public/uploads/...', 3, 4, false)
#2 C:\xampp\htdocs\cryptoads\app\ThirdParty\qrlib\qrencode.php(286): QRencode->encodePNG('TQpCuyWijtrNDVN...', 'public/uploads/...', false)
#3 C:\xampp\htdocs\cryptoads\app\Controllers\Dashboard.php(649): QRcode::png('TQpCuyWijtrNDVN...', 'public/uploads/...')
#4 C:\xampp\htdocs\cryptoads\system\CodeIgniter.php(824): App\Controllers\Dashboard->order_view('7')
#5 C:\xampp\htdocs\cryptoads\system\CodeIgniter.php(410): CodeIgniter\CodeIgniter->runController(Object(App\Controllers\Dashboard))
#6 C:\xampp\htdocs\cryptoads\system\CodeIgniter.php(318): CodeIgniter\CodeIgniter->handleRequest(NULL, Object(Config\Cache), false)
#7 C:\xampp\htdocs\cryptoads\index.php(37): CodeIgniter\CodeIgniter->run()
#8 {main}
CRITICAL - 2022-08-20 09:51:32 --> Call to undefined function ImageCreate()
#0 C:\xampp\htdocs\cryptoads\app\ThirdParty\qrlib\qrimage.php(32): QRimage::image(Array, 3, 4)
#1 C:\xampp\htdocs\cryptoads\app\ThirdParty\qrlib\qrencode.php(494): QRimage::png(Array, 'public/uploads/...', 3, 4, false)
#2 C:\xampp\htdocs\cryptoads\app\ThirdParty\qrlib\qrencode.php(286): QRencode->encodePNG('TQpCuyWijtrNDVN...', 'public/uploads/...', false)
#3 C:\xampp\htdocs\cryptoads\app\Controllers\Dashboard.php(649): QRcode::png('TQpCuyWijtrNDVN...', 'public/uploads/...')
#4 C:\xampp\htdocs\cryptoads\system\CodeIgniter.php(824): App\Controllers\Dashboard->order_view('7')
#5 C:\xampp\htdocs\cryptoads\system\CodeIgniter.php(410): CodeIgniter\CodeIgniter->runController(Object(App\Controllers\Dashboard))
#6 C:\xampp\htdocs\cryptoads\system\CodeIgniter.php(318): CodeIgniter\CodeIgniter->handleRequest(NULL, Object(Config\Cache), false)
#7 C:\xampp\htdocs\cryptoads\index.php(37): CodeIgniter\CodeIgniter->run()
#8 {main}
CRITICAL - 2022-08-20 10:14:36 --> Undefined property: stdClass::$paylevel
#0 C:\xampp\htdocs\cryptoads\public\themes\dashboard\income-report.php(148): CodeIgniter\Debug\Exceptions->errorHandler(2, 'Undefined prope...', 'C:\\xampp\\htdocs...', 148)
#1 C:\xampp\htdocs\cryptoads\system\View\View.php(214): include('C:\\xampp\\htdocs...')
#2 C:\xampp\htdocs\cryptoads\system\View\View.php(217): CodeIgniter\View\View->CodeIgniter\View\{closure}()
#3 C:\xampp\htdocs\cryptoads\system\Common.php(1097): CodeIgniter\View\View->render('../../public/th...', Array, true)
#4 C:\xampp\htdocs\cryptoads\app\Common.php(22): view('../../public/th...', Array)
#5 C:\xampp\htdocs\cryptoads\public\themes\dashboard\default.php(91): front_view('dashboard/incom...')
#6 C:\xampp\htdocs\cryptoads\system\View\View.php(214): include('C:\\xampp\\htdocs...')
#7 C:\xampp\htdocs\cryptoads\system\View\View.php(217): CodeIgniter\View\View->CodeIgniter\View\{closure}()
#8 C:\xampp\htdocs\cryptoads\system\Common.php(1097): CodeIgniter\View\View->render('../../public/th...', Array, true)
#9 C:\xampp\htdocs\cryptoads\app\Common.php(22): view('../../public/th...', Array)
#10 C:\xampp\htdocs\cryptoads\app\Controllers\Dashboard.php(1216): front_view('dashboard/defau...', Array)
#11 C:\xampp\htdocs\cryptoads\system\CodeIgniter.php(824): App\Controllers\Dashboard->income_report()
#12 C:\xampp\htdocs\cryptoads\system\CodeIgniter.php(410): CodeIgniter\CodeIgniter->runController(Object(App\Controllers\Dashboard))
#13 C:\xampp\htdocs\cryptoads\system\CodeIgniter.php(318): CodeIgniter\CodeIgniter->handleRequest(NULL, Object(Config\Cache), false)
#14 C:\xampp\htdocs\cryptoads\index.php(37): CodeIgniter\CodeIgniter->run()
#15 {main}
CRITICAL - 2022-08-20 10:14:50 --> Undefined property: stdClass::$paylevel
#0 C:\xampp\htdocs\cryptoads\public\themes\dashboard\income-report.php(148): CodeIgniter\Debug\Exceptions->errorHandler(2, 'Undefined prope...', 'C:\\xampp\\htdocs...', 148)
#1 C:\xampp\htdocs\cryptoads\system\View\View.php(214): include('C:\\xampp\\htdocs...')
#2 C:\xampp\htdocs\cryptoads\system\View\View.php(217): CodeIgniter\View\View->CodeIgniter\View\{closure}()
#3 C:\xampp\htdocs\cryptoads\system\Common.php(1097): CodeIgniter\View\View->render('../../public/th...', Array, true)
#4 C:\xampp\htdocs\cryptoads\app\Common.php(22): view('../../public/th...', Array)
#5 C:\xampp\htdocs\cryptoads\public\themes\dashboard\default.php(91): front_view('dashboard/incom...')
#6 C:\xampp\htdocs\cryptoads\system\View\View.php(214): include('C:\\xampp\\htdocs...')
#7 C:\xampp\htdocs\cryptoads\system\View\View.php(217): CodeIgniter\View\View->CodeIgniter\View\{closure}()
#8 C:\xampp\htdocs\cryptoads\system\Common.php(1097): CodeIgniter\View\View->render('../../public/th...', Array, true)
#9 C:\xampp\htdocs\cryptoads\app\Common.php(22): view('../../public/th...', Array)
#10 C:\xampp\htdocs\cryptoads\app\Controllers\Dashboard.php(1216): front_view('dashboard/defau...', Array)
#11 C:\xampp\htdocs\cryptoads\system\CodeIgniter.php(824): App\Controllers\Dashboard->income_report()
#12 C:\xampp\htdocs\cryptoads\system\CodeIgniter.php(410): CodeIgniter\CodeIgniter->runController(Object(App\Controllers\Dashboard))
#13 C:\xampp\htdocs\cryptoads\system\CodeIgniter.php(318): CodeIgniter\CodeIgniter->handleRequest(NULL, Object(Config\Cache), false)
#14 C:\xampp\htdocs\cryptoads\index.php(37): CodeIgniter\CodeIgniter->run()
#15 {main}
CRITICAL - 2022-08-20 10:37:33 --> Undefined property: stdClass::$amount
#0 C:\xampp\htdocs\cryptoads\public\themes\dashboard\income-report-view.php(159): CodeIgniter\Debug\Exceptions->errorHandler(2, 'Undefined prope...', 'C:\\xampp\\htdocs...', 159)
#1 C:\xampp\htdocs\cryptoads\system\View\View.php(214): include('C:\\xampp\\htdocs...')
#2 C:\xampp\htdocs\cryptoads\system\View\View.php(217): CodeIgniter\View\View->CodeIgniter\View\{closure}()
#3 C:\xampp\htdocs\cryptoads\system\Common.php(1097): CodeIgniter\View\View->render('../../public/th...', Array, true)
#4 C:\xampp\htdocs\cryptoads\app\Common.php(22): view('../../public/th...', Array)
#5 C:\xampp\htdocs\cryptoads\public\themes\dashboard\default.php(91): front_view('dashboard/incom...')
#6 C:\xampp\htdocs\cryptoads\system\View\View.php(214): include('C:\\xampp\\htdocs...')
#7 C:\xampp\htdocs\cryptoads\system\View\View.php(217): CodeIgniter\View\View->CodeIgniter\View\{closure}()
#8 C:\xampp\htdocs\cryptoads\system\Common.php(1097): CodeIgniter\View\View->render('../../public/th...', Array, true)
#9 C:\xampp\htdocs\cryptoads\app\Common.php(22): view('../../public/th...', Array)
#10 C:\xampp\htdocs\cryptoads\app\Controllers\Dashboard.php(1232): front_view('dashboard/defau...', Array)
#11 C:\xampp\htdocs\cryptoads\system\CodeIgniter.php(824): App\Controllers\Dashboard->income_report_view()
#12 C:\xampp\htdocs\cryptoads\system\CodeIgniter.php(410): CodeIgniter\CodeIgniter->runController(Object(App\Controllers\Dashboard))
#13 C:\xampp\htdocs\cryptoads\system\CodeIgniter.php(318): CodeIgniter\CodeIgniter->handleRequest(NULL, Object(Config\Cache), false)
#14 C:\xampp\htdocs\cryptoads\index.php(37): CodeIgniter\CodeIgniter->run()
#15 {main}
CRITICAL - 2022-08-20 10:38:45 --> Undefined property: stdClass::$amount
#0 C:\xampp\htdocs\cryptoads\public\themes\dashboard\income-report-view.php(159): CodeIgniter\Debug\Exceptions->errorHandler(2, 'Undefined prope...', 'C:\\xampp\\htdocs...', 159)
#1 C:\xampp\htdocs\cryptoads\system\View\View.php(214): include('C:\\xampp\\htdocs...')
#2 C:\xampp\htdocs\cryptoads\system\View\View.php(217): CodeIgniter\View\View->CodeIgniter\View\{closure}()
#3 C:\xampp\htdocs\cryptoads\system\Common.php(1097): CodeIgniter\View\View->render('../../public/th...', Array, true)
#4 C:\xampp\htdocs\cryptoads\app\Common.php(22): view('../../public/th...', Array)
#5 C:\xampp\htdocs\cryptoads\public\themes\dashboard\default.php(91): front_view('dashboard/incom...')
#6 C:\xampp\htdocs\cryptoads\system\View\View.php(214): include('C:\\xampp\\htdocs...')
#7 C:\xampp\htdocs\cryptoads\system\View\View.php(217): CodeIgniter\View\View->CodeIgniter\View\{closure}()
#8 C:\xampp\htdocs\cryptoads\system\Common.php(1097): CodeIgniter\View\View->render('../../public/th...', Array, true)
#9 C:\xampp\htdocs\cryptoads\app\Common.php(22): view('../../public/th...', Array)
#10 C:\xampp\htdocs\cryptoads\app\Controllers\Dashboard.php(1232): front_view('dashboard/defau...', Array)
#11 C:\xampp\htdocs\cryptoads\system\CodeIgniter.php(824): App\Controllers\Dashboard->income_report_view()
#12 C:\xampp\htdocs\cryptoads\system\CodeIgniter.php(410): CodeIgniter\CodeIgniter->runController(Object(App\Controllers\Dashboard))
#13 C:\xampp\htdocs\cryptoads\system\CodeIgniter.php(318): CodeIgniter\CodeIgniter->handleRequest(NULL, Object(Config\Cache), false)
#14 C:\xampp\htdocs\cryptoads\index.php(37): CodeIgniter\CodeIgniter->run()
#15 {main}
ERROR - 2022-08-20 10:41:39 --> Unknown column 'level' in 'group statement'
CRITICAL - 2022-08-20 10:41:39 --> Call to a member function getResult() on bool
#0 C:\xampp\htdocs\cryptoads\system\View\View.php(214): include()
#1 C:\xampp\htdocs\cryptoads\system\View\View.php(217): CodeIgniter\View\View->CodeIgniter\View\{closure}()
#2 C:\xampp\htdocs\cryptoads\system\Common.php(1097): CodeIgniter\View\View->render('../../public/th...', Array, true)
#3 C:\xampp\htdocs\cryptoads\app\Common.php(22): view('../../public/th...', Array)
#4 C:\xampp\htdocs\cryptoads\public\themes\dashboard\default.php(91): front_view('dashboard/incom...')
#5 C:\xampp\htdocs\cryptoads\system\View\View.php(214): include('C:\\xampp\\htdocs...')
#6 C:\xampp\htdocs\cryptoads\system\View\View.php(217): CodeIgniter\View\View->CodeIgniter\View\{closure}()
#7 C:\xampp\htdocs\cryptoads\system\Common.php(1097): CodeIgniter\View\View->render('../../public/th...', Array, true)
#8 C:\xampp\htdocs\cryptoads\app\Common.php(22): view('../../public/th...', Array)
#9 C:\xampp\htdocs\cryptoads\app\Controllers\Dashboard.php(1232): front_view('dashboard/defau...', Array)
#10 C:\xampp\htdocs\cryptoads\system\CodeIgniter.php(824): App\Controllers\Dashboard->income_report_view()
#11 C:\xampp\htdocs\cryptoads\system\CodeIgniter.php(410): CodeIgniter\CodeIgniter->runController(Object(App\Controllers\Dashboard))
#12 C:\xampp\htdocs\cryptoads\system\CodeIgniter.php(318): CodeIgniter\CodeIgniter->handleRequest(NULL, Object(Config\Cache), false)
#13 C:\xampp\htdocs\cryptoads\index.php(37): CodeIgniter\CodeIgniter->run()
#14 {main}
ERROR - 2022-08-20 10:42:39 --> Unknown column 'level' in 'group statement'
CRITICAL - 2022-08-20 10:42:39 --> Call to a member function getResult() on bool
#0 C:\xampp\htdocs\cryptoads\system\View\View.php(214): include()
#1 C:\xampp\htdocs\cryptoads\system\View\View.php(217): CodeIgniter\View\View->CodeIgniter\View\{closure}()
#2 C:\xampp\htdocs\cryptoads\system\Common.php(1097): CodeIgniter\View\View->render('../../public/th...', Array, true)
#3 C:\xampp\htdocs\cryptoads\app\Common.php(22): view('../../public/th...', Array)
#4 C:\xampp\htdocs\cryptoads\public\themes\dashboard\default.php(91): front_view('dashboard/incom...')
#5 C:\xampp\htdocs\cryptoads\system\View\View.php(214): include('C:\\xampp\\htdocs...')
#6 C:\xampp\htdocs\cryptoads\system\View\View.php(217): CodeIgniter\View\View->CodeIgniter\View\{closure}()
#7 C:\xampp\htdocs\cryptoads\system\Common.php(1097): CodeIgniter\View\View->render('../../public/th...', Array, true)
#8 C:\xampp\htdocs\cryptoads\app\Common.php(22): view('../../public/th...', Array)
#9 C:\xampp\htdocs\cryptoads\app\Controllers\Dashboard.php(1232): front_view('dashboard/defau...', Array)
#10 C:\xampp\htdocs\cryptoads\system\CodeIgniter.php(824): App\Controllers\Dashboard->income_report_view()
#11 C:\xampp\htdocs\cryptoads\system\CodeIgniter.php(410): CodeIgniter\CodeIgniter->runController(Object(App\Controllers\Dashboard))
#12 C:\xampp\htdocs\cryptoads\system\CodeIgniter.php(318): CodeIgniter\CodeIgniter->handleRequest(NULL, Object(Config\Cache), false)
#13 C:\xampp\htdocs\cryptoads\index.php(37): CodeIgniter\CodeIgniter->run()
#14 {main}
CRITICAL - 2022-08-20 12:20:02 --> Call to undefined function ImageCreate()
#0 C:\xampp\htdocs\cryptoads\app\ThirdParty\qrlib\qrimage.php(32): QRimage::image(Array, 3, 4)
#1 C:\xampp\htdocs\cryptoads\app\ThirdParty\qrlib\qrencode.php(494): QRimage::png(Array, 'public/uploads/...', 3, 4, false)
#2 C:\xampp\htdocs\cryptoads\app\ThirdParty\qrlib\qrencode.php(286): QRencode->encodePNG('THciUiJbkyKr2K8...', 'public/uploads/...', false)
#3 C:\xampp\htdocs\cryptoads\app\Controllers\Dashboard.php(603): QRcode::png('THciUiJbkyKr2K8...', 'public/uploads/...')
#4 C:\xampp\htdocs\cryptoads\system\CodeIgniter.php(824): App\Controllers\Dashboard->order_view('8')
#5 C:\xampp\htdocs\cryptoads\system\CodeIgniter.php(410): CodeIgniter\CodeIgniter->runController(Object(App\Controllers\Dashboard))
#6 C:\xampp\htdocs\cryptoads\system\CodeIgniter.php(318): CodeIgniter\CodeIgniter->handleRequest(NULL, Object(Config\Cache), false)
#7 C:\xampp\htdocs\cryptoads\index.php(37): CodeIgniter\CodeIgniter->run()
#8 {main}
