CRITICAL - 2022-08-17 03:57:55 --> Trying to access array offset on value of type null
#0 C:\xampp\htdocs\cryptoads\app\Controllers\Api.php(493): CodeIgniter\Debug\Exceptions->errorHandler(2, 'Trying to acces...', 'C:\\xampp\\htdocs...', 493)
#1 C:\xampp\htdocs\cryptoads\system\CodeIgniter.php(824): App\Controllers\Api->call('add-funds')
#2 C:\xampp\htdocs\cryptoads\system\CodeIgniter.php(410): CodeIgniter\CodeIgniter->runController(Object(App\Controllers\Api))
#3 C:\xampp\htdocs\cryptoads\system\CodeIgniter.php(318): CodeIgniter\CodeIgniter->handleRequest(NULL, Object(Config\Cache), false)
#4 C:\xampp\htdocs\cryptoads\index.php(37): CodeIgniter\CodeIgniter->run()
#5 {main}
CRITICAL - 2022-08-17 04:17:32 --> Undefined array key "status"
#0 C:\xampp\htdocs\cryptoads\app\Controllers\Dashboard.php(641): CodeIgniter\Debug\Exceptions->errorHandler(2, 'Undefined array...', 'C:\\xampp\\htdocs...', 641)
#1 C:\xampp\htdocs\cryptoads\system\CodeIgniter.php(824): App\Controllers\Dashboard->order_view('6')
#2 C:\xampp\htdocs\cryptoads\system\CodeIgniter.php(410): CodeIgniter\CodeIgniter->runController(Object(App\Controllers\Dashboard))
#3 C:\xampp\htdocs\cryptoads\system\CodeIgniter.php(318): CodeIgniter\CodeIgniter->handleRequest(NULL, Object(Config\Cache), false)
#4 C:\xampp\htdocs\cryptoads\index.php(37): CodeIgniter\CodeIgniter->run()
#5 {main}
CRITICAL - 2022-08-17 04:55:05 --> Undefined array key "status"
#0 C:\xampp\htdocs\cryptoads\app\Controllers\Dashboard.php(641): CodeIgniter\Debug\Exceptions->errorHandler(2, 'Undefined array...', 'C:\\xampp\\htdocs...', 641)
#1 C:\xampp\htdocs\cryptoads\system\CodeIgniter.php(824): App\Controllers\Dashboard->order_view('6')
#2 C:\xampp\htdocs\cryptoads\system\CodeIgniter.php(410): CodeIgniter\CodeIgniter->runController(Object(App\Controllers\Dashboard))
#3 C:\xampp\htdocs\cryptoads\system\CodeIgniter.php(318): CodeIgniter\CodeIgniter->handleRequest(NULL, Object(Config\Cache), false)
#4 C:\xampp\htdocs\cryptoads\index.php(37): CodeIgniter\CodeIgniter->run()
#5 {main}
CRITICAL - 2022-08-17 06:53:29 --> Invalid file: ../../public/themes/gourl.php
#0 C:\xampp\htdocs\cryptoads\system\View\View.php(198): CodeIgniter\Exceptions\FrameworkException::forInvalidFile('../../public/th...')
#1 C:\xampp\htdocs\cryptoads\system\Common.php(1097): CodeIgniter\View\View->render('../../public/th...', Array, true)
#2 C:\xampp\htdocs\cryptoads\app\Common.php(22): view('../../public/th...', Array)
#3 C:\xampp\htdocs\cryptoads\app\Controllers\Home.php(549): front_view('gourl')
#4 C:\xampp\htdocs\cryptoads\system\CodeIgniter.php(824): App\Controllers\Home->gourl()
#5 C:\xampp\htdocs\cryptoads\system\CodeIgniter.php(410): CodeIgniter\CodeIgniter->runController(Object(App\Controllers\Home))
#6 C:\xampp\htdocs\cryptoads\system\CodeIgniter.php(318): CodeIgniter\CodeIgniter->handleRequest(NULL, Object(Config\Cache), false)
#7 C:\xampp\htdocs\cryptoads\index.php(37): CodeIgniter\CodeIgniter->run()
#8 {main}
CRITICAL - 2022-08-17 06:54:06 --> Invalid file: ../../public/themes/gourl.php
#0 C:\xampp\htdocs\cryptoads\system\View\View.php(198): CodeIgniter\Exceptions\FrameworkException::forInvalidFile('../../public/th...')
#1 C:\xampp\htdocs\cryptoads\system\Common.php(1097): CodeIgniter\View\View->render('../../public/th...', Array, true)
#2 C:\xampp\htdocs\cryptoads\app\Common.php(22): view('../../public/th...', Array)
#3 C:\xampp\htdocs\cryptoads\app\Controllers\Home.php(549): front_view('gourl')
#4 C:\xampp\htdocs\cryptoads\system\CodeIgniter.php(824): App\Controllers\Home->gourl()
#5 C:\xampp\htdocs\cryptoads\system\CodeIgniter.php(410): CodeIgniter\CodeIgniter->runController(Object(App\Controllers\Home))
#6 C:\xampp\htdocs\cryptoads\system\CodeIgniter.php(318): CodeIgniter\CodeIgniter->handleRequest(NULL, Object(Config\Cache), false)
#7 C:\xampp\htdocs\cryptoads\index.php(37): CodeIgniter\CodeIgniter->run()
#8 {main}
CRITICAL - 2022-08-17 06:54:49 --> require_once(lib/cryptobox.class.php): Failed to open stream: No such file or directory
#0 C:\xampp\htdocs\cryptoads\public\themes\gourl.php(22): CodeIgniter\Debug\Exceptions->errorHandler(2, 'require_once(li...', 'C:\\xampp\\htdocs...', 22)
#1 C:\xampp\htdocs\cryptoads\public\themes\gourl.php(22): require_once()
#2 C:\xampp\htdocs\cryptoads\system\View\View.php(214): include('C:\\xampp\\htdocs...')
#3 C:\xampp\htdocs\cryptoads\system\View\View.php(217): CodeIgniter\View\View->CodeIgniter\View\{closure}()
#4 C:\xampp\htdocs\cryptoads\system\Common.php(1097): CodeIgniter\View\View->render('../../public/th...', Array, true)
#5 C:\xampp\htdocs\cryptoads\app\Common.php(22): view('../../public/th...', Array)
#6 C:\xampp\htdocs\cryptoads\app\Controllers\Home.php(549): front_view('gourl')
#7 C:\xampp\htdocs\cryptoads\system\CodeIgniter.php(824): App\Controllers\Home->gourl()
#8 C:\xampp\htdocs\cryptoads\system\CodeIgniter.php(410): CodeIgniter\CodeIgniter->runController(Object(App\Controllers\Home))
#9 C:\xampp\htdocs\cryptoads\system\CodeIgniter.php(318): CodeIgniter\CodeIgniter->handleRequest(NULL, Object(Config\Cache), false)
#10 C:\xampp\htdocs\cryptoads\index.php(37): CodeIgniter\CodeIgniter->run()
#11 {main}
