ERROR - 2022-09-24 07:16:43 --> Error connecting to the database: Unknown database 'miracleworld'
CRITICAL - 2022-09-24 07:16:43 --> Unable to connect to the database.
Main connection [MySQLi]: Unknown database 'miracleworld'
#0 C:\xampp\htdocs\miraccleworld\system\Database\BaseConnection.php(577): CodeIgniter\Database\BaseConnection->initialize()
#1 C:\xampp\htdocs\miraccleworld\system\Database\BaseBuilder.php(1576): CodeIgniter\Database\BaseConnection->query('SELECT *\nFROM `...', Array, false)
#2 C:\xampp\htdocs\miraccleworld\app\Controllers\Admin\Users.php(39): CodeIgniter\Database\BaseBuilder->getWhere(Array)
#3 C:\xampp\htdocs\miraccleworld\system\CodeIgniter.php(824): App\Controllers\Admin\Users->login()
#4 C:\xampp\htdocs\miraccleworld\system\CodeIgniter.php(410): CodeIgniter\CodeIgniter->runController(Object(App\Controllers\Admin\Users))
#5 C:\xampp\htdocs\miraccleworld\system\CodeIgniter.php(318): CodeIgniter\CodeIgniter->handleRequest(NULL, Object(Config\Cache), false)
#6 C:\xampp\htdocs\miraccleworld\index.php(37): CodeIgniter\CodeIgniter->run()
#7 {main}
CRITICAL - 2022-09-24 07:26:36 --> Undefined variable $main
#0 C:\xampp\htdocs\miraccleworld\public\themes\dashboard\default.php(197): CodeIgniter\Debug\Exceptions->errorHandler(2, 'Undefined varia...', 'C:\\xampp\\htdocs...', 197)
#1 C:\xampp\htdocs\miraccleworld\system\View\View.php(214): include('C:\\xampp\\htdocs...')
#2 C:\xampp\htdocs\miraccleworld\system\View\View.php(217): CodeIgniter\View\View->CodeIgniter\View\{closure}()
#3 C:\xampp\htdocs\miraccleworld\system\Common.php(1097): CodeIgniter\View\View->render('../../public/th...', Array, true)
#4 C:\xampp\htdocs\miraccleworld\app\Common.php(22): view('../../public/th...', Array)
#5 C:\xampp\htdocs\miraccleworld\app\Controllers\Dashboard.php(405): front_view('dashboard/defau...', Array)
#6 C:\xampp\htdocs\miraccleworld\system\CodeIgniter.php(824): App\Controllers\Dashboard->club_income()
#7 C:\xampp\htdocs\miraccleworld\system\CodeIgniter.php(410): CodeIgniter\CodeIgniter->runController(Object(App\Controllers\Dashboard))
#8 C:\xampp\htdocs\miraccleworld\system\CodeIgniter.php(318): CodeIgniter\CodeIgniter->handleRequest(NULL, Object(Config\Cache), false)
#9 C:\xampp\htdocs\miraccleworld\index.php(37): CodeIgniter\CodeIgniter->run()
#10 {main}
CRITICAL - 2022-09-24 07:26:52 --> Undefined variable $tab
#0 C:\xampp\htdocs\miraccleworld\public\themes\dashboard\club-income.php(12): CodeIgniter\Debug\Exceptions->errorHandler(2, 'Undefined varia...', 'C:\\xampp\\htdocs...', 12)
#1 C:\xampp\htdocs\miraccleworld\system\View\View.php(214): include('C:\\xampp\\htdocs...')
#2 C:\xampp\htdocs\miraccleworld\system\View\View.php(217): CodeIgniter\View\View->CodeIgniter\View\{closure}()
#3 C:\xampp\htdocs\miraccleworld\system\Common.php(1097): CodeIgniter\View\View->render('../../public/th...', Array, true)
#4 C:\xampp\htdocs\miraccleworld\app\Common.php(22): view('../../public/th...', Array)
#5 C:\xampp\htdocs\miraccleworld\public\themes\dashboard\default.php(197): front_view('dashboard/club-...')
#6 C:\xampp\htdocs\miraccleworld\system\View\View.php(214): include('C:\\xampp\\htdocs...')
#7 C:\xampp\htdocs\miraccleworld\system\View\View.php(217): CodeIgniter\View\View->CodeIgniter\View\{closure}()
#8 C:\xampp\htdocs\miraccleworld\system\Common.php(1097): CodeIgniter\View\View->render('../../public/th...', Array, true)
#9 C:\xampp\htdocs\miraccleworld\app\Common.php(22): view('../../public/th...', Array)
#10 C:\xampp\htdocs\miraccleworld\app\Controllers\Dashboard.php(406): front_view('dashboard/defau...', Array)
#11 C:\xampp\htdocs\miraccleworld\system\CodeIgniter.php(824): App\Controllers\Dashboard->club_income()
#12 C:\xampp\htdocs\miraccleworld\system\CodeIgniter.php(410): CodeIgniter\CodeIgniter->runController(Object(App\Controllers\Dashboard))
#13 C:\xampp\htdocs\miraccleworld\system\CodeIgniter.php(318): CodeIgniter\CodeIgniter->handleRequest(NULL, Object(Config\Cache), false)
#14 C:\xampp\htdocs\miraccleworld\index.php(37): CodeIgniter\CodeIgniter->run()
#15 {main}
CRITICAL - 2022-09-24 07:28:00 --> Undefined variable $arrdata
#0 C:\xampp\htdocs\miraccleworld\public\themes\dashboard\club-income.php(45): CodeIgniter\Debug\Exceptions->errorHandler(2, 'Undefined varia...', 'C:\\xampp\\htdocs...', 45)
#1 C:\xampp\htdocs\miraccleworld\system\View\View.php(214): include('C:\\xampp\\htdocs...')
#2 C:\xampp\htdocs\miraccleworld\system\View\View.php(217): CodeIgniter\View\View->CodeIgniter\View\{closure}()
#3 C:\xampp\htdocs\miraccleworld\system\Common.php(1097): CodeIgniter\View\View->render('../../public/th...', Array, true)
#4 C:\xampp\htdocs\miraccleworld\app\Common.php(22): view('../../public/th...', Array)
#5 C:\xampp\htdocs\miraccleworld\public\themes\dashboard\default.php(197): front_view('dashboard/club-...')
#6 C:\xampp\htdocs\miraccleworld\system\View\View.php(214): include('C:\\xampp\\htdocs...')
#7 C:\xampp\htdocs\miraccleworld\system\View\View.php(217): CodeIgniter\View\View->CodeIgniter\View\{closure}()
#8 C:\xampp\htdocs\miraccleworld\system\Common.php(1097): CodeIgniter\View\View->render('../../public/th...', Array, true)
#9 C:\xampp\htdocs\miraccleworld\app\Common.php(22): view('../../public/th...', Array)
#10 C:\xampp\htdocs\miraccleworld\app\Controllers\Dashboard.php(407): front_view('dashboard/defau...', Array)
#11 C:\xampp\htdocs\miraccleworld\system\CodeIgniter.php(824): App\Controllers\Dashboard->club_income()
#12 C:\xampp\htdocs\miraccleworld\system\CodeIgniter.php(410): CodeIgniter\CodeIgniter->runController(Object(App\Controllers\Dashboard))
#13 C:\xampp\htdocs\miraccleworld\system\CodeIgniter.php(318): CodeIgniter\CodeIgniter->handleRequest(NULL, Object(Config\Cache), false)
#14 C:\xampp\htdocs\miraccleworld\index.php(37): CodeIgniter\CodeIgniter->run()
#15 {main}
ERROR - 2022-09-24 07:41:04 --> Unknown column 'level' in 'where clause'
CRITICAL - 2022-09-24 07:41:04 --> Call to a member function getResult() on bool
#0 C:\xampp\htdocs\miraccleworld\system\CodeIgniter.php(824): App\Controllers\Dashboard->club_income()
#1 C:\xampp\htdocs\miraccleworld\system\CodeIgniter.php(410): CodeIgniter\CodeIgniter->runController(Object(App\Controllers\Dashboard))
#2 C:\xampp\htdocs\miraccleworld\system\CodeIgniter.php(318): CodeIgniter\CodeIgniter->handleRequest(NULL, Object(Config\Cache), false)
#3 C:\xampp\htdocs\miraccleworld\index.php(37): CodeIgniter\CodeIgniter->run()
#4 {main}
ERROR - 2022-09-24 07:41:40 --> Unknown column 'level' in 'where clause'
CRITICAL - 2022-09-24 07:41:40 --> Call to a member function getResult() on bool
#0 C:\xampp\htdocs\miraccleworld\system\CodeIgniter.php(824): App\Controllers\Dashboard->club_income()
#1 C:\xampp\htdocs\miraccleworld\system\CodeIgniter.php(410): CodeIgniter\CodeIgniter->runController(Object(App\Controllers\Dashboard))
#2 C:\xampp\htdocs\miraccleworld\system\CodeIgniter.php(318): CodeIgniter\CodeIgniter->handleRequest(NULL, Object(Config\Cache), false)
#3 C:\xampp\htdocs\miraccleworld\index.php(37): CodeIgniter\CodeIgniter->run()
#4 {main}
CRITICAL - 2022-09-24 07:42:17 --> Undefined variable $arorders
#0 C:\xampp\htdocs\miraccleworld\public\themes\dashboard\club-income.php(49): CodeIgniter\Debug\Exceptions->errorHandler(2, 'Undefined varia...', 'C:\\xampp\\htdocs...', 49)
#1 C:\xampp\htdocs\miraccleworld\system\View\View.php(214): include('C:\\xampp\\htdocs...')
#2 C:\xampp\htdocs\miraccleworld\system\View\View.php(217): CodeIgniter\View\View->CodeIgniter\View\{closure}()
#3 C:\xampp\htdocs\miraccleworld\system\Common.php(1097): CodeIgniter\View\View->render('../../public/th...', Array, true)
#4 C:\xampp\htdocs\miraccleworld\app\Common.php(22): view('../../public/th...', Array)
#5 C:\xampp\htdocs\miraccleworld\public\themes\dashboard\default.php(197): front_view('dashboard/club-...')
#6 C:\xampp\htdocs\miraccleworld\system\View\View.php(214): include('C:\\xampp\\htdocs...')
#7 C:\xampp\htdocs\miraccleworld\system\View\View.php(217): CodeIgniter\View\View->CodeIgniter\View\{closure}()
#8 C:\xampp\htdocs\miraccleworld\system\Common.php(1097): CodeIgniter\View\View->render('../../public/th...', Array, true)
#9 C:\xampp\htdocs\miraccleworld\app\Common.php(22): view('../../public/th...', Array)
#10 C:\xampp\htdocs\miraccleworld\app\Controllers\Dashboard.php(422): front_view('dashboard/defau...', Array)
#11 C:\xampp\htdocs\miraccleworld\system\CodeIgniter.php(824): App\Controllers\Dashboard->club_income()
#12 C:\xampp\htdocs\miraccleworld\system\CodeIgniter.php(410): CodeIgniter\CodeIgniter->runController(Object(App\Controllers\Dashboard))
#13 C:\xampp\htdocs\miraccleworld\system\CodeIgniter.php(318): CodeIgniter\CodeIgniter->handleRequest(NULL, Object(Config\Cache), false)
#14 C:\xampp\htdocs\miraccleworld\index.php(37): CodeIgniter\CodeIgniter->run()
#15 {main}
CRITICAL - 2022-09-24 11:23:23 --> Call to undefined function ImageCreate()
#0 C:\xampp\htdocs\miraccleworld\app\ThirdParty\qrlib\qrimage.php(32): QRimage::image(Array, 3, 4)
#1 C:\xampp\htdocs\miraccleworld\app\ThirdParty\qrlib\qrencode.php(494): QRimage::png(Array, 'public/uploads/...', 3, 4, false)
#2 C:\xampp\htdocs\miraccleworld\app\ThirdParty\qrlib\qrencode.php(286): QRencode->encodePNG('TRrqeVJLk6dj7yR...', 'public/uploads/...', false)
#3 C:\xampp\htdocs\miraccleworld\app\Controllers\Dashboard.php(559): QRcode::png('TRrqeVJLk6dj7yR...', 'public/uploads/...')
#4 C:\xampp\htdocs\miraccleworld\system\CodeIgniter.php(824): App\Controllers\Dashboard->order_view('2')
#5 C:\xampp\htdocs\miraccleworld\system\CodeIgniter.php(410): CodeIgniter\CodeIgniter->runController(Object(App\Controllers\Dashboard))
#6 C:\xampp\htdocs\miraccleworld\system\CodeIgniter.php(318): CodeIgniter\CodeIgniter->handleRequest(NULL, Object(Config\Cache), false)
#7 C:\xampp\htdocs\miraccleworld\index.php(37): CodeIgniter\CodeIgniter->run()
#8 {main}
CRITICAL - 2022-09-24 11:31:36 --> Invalid file: payments/rebirth-pool.php
#0 C:\xampp\htdocs\miraccleworld\system\View\View.php(198): CodeIgniter\Exceptions\FrameworkException::forInvalidFile('payments/rebirt...')
#1 C:\xampp\htdocs\miraccleworld\system\Common.php(1097): CodeIgniter\View\View->render('payments/rebirt...', Array, true)
#2 C:\xampp\htdocs\miraccleworld\app\Views\default.php(138): view('payments/rebirt...')
#3 C:\xampp\htdocs\miraccleworld\system\View\View.php(214): include('C:\\xampp\\htdocs...')
#4 C:\xampp\htdocs\miraccleworld\system\View\View.php(217): CodeIgniter\View\View->CodeIgniter\View\{closure}()
#5 C:\xampp\htdocs\miraccleworld\system\Common.php(1097): CodeIgniter\View\View->render('default', Array, true)
#6 C:\xampp\htdocs\miraccleworld\app\Controllers\Admin\Payments.php(168): view('default', Array)
#7 C:\xampp\htdocs\miraccleworld\system\CodeIgniter.php(824): App\Controllers\Admin\Payments->rebirth_pool()
#8 C:\xampp\htdocs\miraccleworld\system\CodeIgniter.php(410): CodeIgniter\CodeIgniter->runController(Object(App\Controllers\Admin\Payments))
#9 C:\xampp\htdocs\miraccleworld\system\CodeIgniter.php(318): CodeIgniter\CodeIgniter->handleRequest(NULL, Object(Config\Cache), false)
#10 C:\xampp\htdocs\miraccleworld\index.php(37): CodeIgniter\CodeIgniter->run()
#11 {main}
ERROR - 2022-09-24 11:51:37 --> Email: sendWithMail throwed mail(): Failed to connect to mailserver at &quot;localhost&quot; port 25, verify your &quot;SMTP&quot; and &quot;smtp_port&quot; setting in php.ini or use ini_set()
ERROR - 2022-09-24 11:51:47 --> Email: sendWithMail throwed mail(): Failed to connect to mailserver at &quot;localhost&quot; port 25, verify your &quot;SMTP&quot; and &quot;smtp_port&quot; setting in php.ini or use ini_set()
ERROR - 2022-09-24 11:51:47 --> Unknown column 'status' in 'field list'
ERROR - 2022-09-24 11:51:57 --> Email: sendWithMail throwed mail(): Failed to connect to mailserver at &quot;localhost&quot; port 25, verify your &quot;SMTP&quot; and &quot;smtp_port&quot; setting in php.ini or use ini_set()
ERROR - 2022-09-24 11:51:57 --> Unknown column 'status' in 'field list'
CRITICAL - 2022-09-24 11:51:57 --> foreach() argument must be of type array|object, int given
#0 C:\xampp\htdocs\miraccleworld\app\Models\User_model.php(749): CodeIgniter\Debug\Exceptions->errorHandler(2, 'foreach() argum...', 'C:\\xampp\\htdocs...', 749)
#1 C:\xampp\htdocs\miraccleworld\app\Models\User_model.php(738): App\Models\User_model->checkGoldClub('0')
#2 C:\xampp\htdocs\miraccleworld\app\Controllers\Api.php(201): App\Models\User_model->checkAndAddToClubMembers('1')
#3 C:\xampp\htdocs\miraccleworld\system\CodeIgniter.php(824): App\Controllers\Api->call('activate')
#4 C:\xampp\htdocs\miraccleworld\system\CodeIgniter.php(410): CodeIgniter\CodeIgniter->runController(Object(App\Controllers\Api))
#5 C:\xampp\htdocs\miraccleworld\system\CodeIgniter.php(318): CodeIgniter\CodeIgniter->handleRequest(NULL, Object(Config\Cache), false)
#6 C:\xampp\htdocs\miraccleworld\index.php(37): CodeIgniter\CodeIgniter->run()
#7 {main}
ERROR - 2022-09-24 12:01:59 --> Email: sendWithMail throwed mail(): Failed to connect to mailserver at &quot;localhost&quot; port 25, verify your &quot;SMTP&quot; and &quot;smtp_port&quot; setting in php.ini or use ini_set()
ERROR - 2022-09-24 12:01:59 --> Unknown column 'status' in 'field list'
CRITICAL - 2022-09-24 12:01:59 --> foreach() argument must be of type array|object, int given
#0 C:\xampp\htdocs\miraccleworld\app\Models\User_model.php(749): CodeIgniter\Debug\Exceptions->errorHandler(2, 'foreach() argum...', 'C:\\xampp\\htdocs...', 749)
#1 C:\xampp\htdocs\miraccleworld\app\Models\User_model.php(738): App\Models\User_model->checkGoldClub('0')
#2 C:\xampp\htdocs\miraccleworld\app\Controllers\Api.php(202): App\Models\User_model->checkAndAddToClubMembers('1')
#3 C:\xampp\htdocs\miraccleworld\system\CodeIgniter.php(824): App\Controllers\Api->call('activate')
#4 C:\xampp\htdocs\miraccleworld\system\CodeIgniter.php(410): CodeIgniter\CodeIgniter->runController(Object(App\Controllers\Api))
#5 C:\xampp\htdocs\miraccleworld\system\CodeIgniter.php(318): CodeIgniter\CodeIgniter->handleRequest(NULL, Object(Config\Cache), false)
#6 C:\xampp\htdocs\miraccleworld\index.php(37): CodeIgniter\CodeIgniter->run()
#7 {main}
ERROR - 2022-09-24 12:10:52 --> Table 'miracleworld.ai_rebirth' doesn't exist
CRITICAL - 2022-09-24 12:10:52 --> Call to a member function getResult() on bool
#0 C:\xampp\htdocs\miraccleworld\system\CodeIgniter.php(824): App\Controllers\Admin\Payments->rebirth_pool()
#1 C:\xampp\htdocs\miraccleworld\system\CodeIgniter.php(410): CodeIgniter\CodeIgniter->runController(Object(App\Controllers\Admin\Payments))
#2 C:\xampp\htdocs\miraccleworld\system\CodeIgniter.php(318): CodeIgniter\CodeIgniter->handleRequest(NULL, Object(Config\Cache), false)
#3 C:\xampp\htdocs\miraccleworld\index.php(37): CodeIgniter\CodeIgniter->run()
#4 {main}
ERROR - 2022-09-24 12:12:08 --> Unknown column 'status' in 'where clause'
CRITICAL - 2022-09-24 12:12:08 --> Call to a member function getResult() on bool
#0 C:\xampp\htdocs\miraccleworld\system\CodeIgniter.php(824): App\Controllers\Admin\Payments->rebirth_pool()
#1 C:\xampp\htdocs\miraccleworld\system\CodeIgniter.php(410): CodeIgniter\CodeIgniter->runController(Object(App\Controllers\Admin\Payments))
#2 C:\xampp\htdocs\miraccleworld\system\CodeIgniter.php(318): CodeIgniter\CodeIgniter->handleRequest(NULL, Object(Config\Cache), false)
#3 C:\xampp\htdocs\miraccleworld\index.php(37): CodeIgniter\CodeIgniter->run()
#4 {main}
