ERROR - 2022-09-08 07:28:53 --> Error connecting to the database: Access denied for user '****'@'localhost' (using password: YES)
CRITICAL - 2022-09-08 07:28:53 --> Unable to connect to the database.
Main connection [MySQLi]: Access denied for user '****'@'localhost' (using password: YES)
#0 C:\xampp\htdocs\miracleworld\system\Database\BaseConnection.php(577): CodeIgniter\Database\BaseConnection->initialize()
#1 C:\xampp\htdocs\miracleworld\system\Database\BaseBuilder.php(1443): CodeIgniter\Database\BaseConnection->query('SELECT *\nFROM `...', Array, false)
#2 C:\xampp\htdocs\miracleworld\app\Controllers\Api.php(41): CodeIgniter\Database\BaseBuilder->get()
#3 C:\xampp\htdocs\miracleworld\system\CodeIgniter.php(824): App\Controllers\Api->site('login')
#4 C:\xampp\htdocs\miracleworld\system\CodeIgniter.php(410): CodeIgniter\CodeIgniter->runController(Object(App\Controllers\Api))
#5 C:\xampp\htdocs\miracleworld\system\CodeIgniter.php(318): CodeIgniter\CodeIgniter->handleRequest(NULL, Object(Config\Cache), false)
#6 C:\xampp\htdocs\miracleworld\index.php(37): CodeIgniter\CodeIgniter->run()
#7 {main}
ERROR - 2022-09-08 07:29:31 --> Error connecting to the database: Access denied for user '****'@'localhost' (using password: YES)
CRITICAL - 2022-09-08 07:29:31 --> Unable to connect to the database.
Main connection [MySQLi]: Access denied for user '****'@'localhost' (using password: YES)
#0 C:\xampp\htdocs\miracleworld\system\Database\BaseConnection.php(577): CodeIgniter\Database\BaseConnection->initialize()
#1 C:\xampp\htdocs\miracleworld\system\Database\BaseBuilder.php(1443): CodeIgniter\Database\BaseConnection->query('SELECT *\nFROM `...', Array, false)
#2 C:\xampp\htdocs\miracleworld\app\Controllers\Api.php(41): CodeIgniter\Database\BaseBuilder->get()
#3 C:\xampp\htdocs\miracleworld\system\CodeIgniter.php(824): App\Controllers\Api->site('login')
#4 C:\xampp\htdocs\miracleworld\system\CodeIgniter.php(410): CodeIgniter\CodeIgniter->runController(Object(App\Controllers\Api))
#5 C:\xampp\htdocs\miracleworld\system\CodeIgniter.php(318): CodeIgniter\CodeIgniter->handleRequest(NULL, Object(Config\Cache), false)
#6 C:\xampp\htdocs\miracleworld\index.php(37): CodeIgniter\CodeIgniter->run()
#7 {main}
ERROR - 2022-09-08 07:51:07 --> Error connecting to the database: Access denied for user '****'@'localhost' (using password: YES)
CRITICAL - 2022-09-08 07:51:07 --> Unable to connect to the database.
Main connection [MySQLi]: Access denied for user '****'@'localhost' (using password: YES)
#0 C:\xampp\htdocs\miracleworld\system\Database\BaseConnection.php(577): CodeIgniter\Database\BaseConnection->initialize()
#1 C:\xampp\htdocs\miracleworld\system\Database\BaseBuilder.php(1443): CodeIgniter\Database\BaseConnection->query('SELECT *\nFROM `...', Array, false)
#2 C:\xampp\htdocs\miracleworld\app\Controllers\Api.php(45): CodeIgniter\Database\BaseBuilder->get()
#3 C:\xampp\htdocs\miracleworld\system\CodeIgniter.php(824): App\Controllers\Api->site('login')
#4 C:\xampp\htdocs\miracleworld\system\CodeIgniter.php(410): CodeIgniter\CodeIgniter->runController(Object(App\Controllers\Api))
#5 C:\xampp\htdocs\miracleworld\system\CodeIgniter.php(318): CodeIgniter\CodeIgniter->handleRequest(NULL, Object(Config\Cache), false)
#6 C:\xampp\htdocs\miracleworld\index.php(37): CodeIgniter\CodeIgniter->run()
#7 {main}
CRITICAL - 2022-09-08 10:58:59 --> Call to undefined method App\Models\User_model::getCampaignWallet
#0 C:\xampp\htdocs\miracleworld\public\themes\dashboard\members.php(31): CodeIgniter\Model->__call('getCampaignWall...', Array)
#1 C:\xampp\htdocs\miracleworld\system\View\View.php(214): include('C:\\xampp\\htdocs...')
#2 C:\xampp\htdocs\miracleworld\system\View\View.php(217): CodeIgniter\View\View->CodeIgniter\View\{closure}()
#3 C:\xampp\htdocs\miracleworld\system\Common.php(1097): CodeIgniter\View\View->render('../../public/th...', Array, true)
#4 C:\xampp\htdocs\miracleworld\app\Common.php(22): view('../../public/th...', Array)
#5 C:\xampp\htdocs\miracleworld\public\themes\dashboard\default.php(208): front_view('dashboard/membe...')
#6 C:\xampp\htdocs\miracleworld\system\View\View.php(214): include('C:\\xampp\\htdocs...')
#7 C:\xampp\htdocs\miracleworld\system\View\View.php(217): CodeIgniter\View\View->CodeIgniter\View\{closure}()
#8 C:\xampp\htdocs\miracleworld\system\Common.php(1097): CodeIgniter\View\View->render('../../public/th...', Array, true)
#9 C:\xampp\htdocs\miracleworld\app\Common.php(22): view('../../public/th...', Array)
#10 C:\xampp\htdocs\miracleworld\app\Controllers\Dashboard.php(351): front_view('dashboard/defau...', Array)
#11 C:\xampp\htdocs\miracleworld\system\CodeIgniter.php(824): App\Controllers\Dashboard->members()
#12 C:\xampp\htdocs\miracleworld\system\CodeIgniter.php(410): CodeIgniter\CodeIgniter->runController(Object(App\Controllers\Dashboard))
#13 C:\xampp\htdocs\miracleworld\system\CodeIgniter.php(318): CodeIgniter\CodeIgniter->handleRequest(NULL, Object(Config\Cache), false)
#14 C:\xampp\htdocs\miracleworld\index.php(37): CodeIgniter\CodeIgniter->run()
#15 {main}
CRITICAL - 2022-09-08 10:59:39 --> Call to undefined method App\Models\User_model::getCompoudingWallet
#0 C:\xampp\htdocs\miracleworld\app\Controllers\Dashboard.php(88): CodeIgniter\Model->__call('getCompoudingWa...', Array)
#1 C:\xampp\htdocs\miracleworld\system\CodeIgniter.php(824): App\Controllers\Dashboard->index()
#2 C:\xampp\htdocs\miracleworld\system\CodeIgniter.php(410): CodeIgniter\CodeIgniter->runController(Object(App\Controllers\Dashboard))
#3 C:\xampp\htdocs\miracleworld\system\CodeIgniter.php(318): CodeIgniter\CodeIgniter->handleRequest(NULL, Object(Config\Cache), false)
#4 C:\xampp\htdocs\miracleworld\index.php(37): CodeIgniter\CodeIgniter->run()
#5 {main}
CRITICAL - 2022-09-08 11:02:09 --> Call to undefined method App\Models\User_model::totalInvestment
#0 C:\xampp\htdocs\miracleworld\app\Controllers\Dashboard.php(99): CodeIgniter\Model->__call('totalInvestment', Array)
#1 C:\xampp\htdocs\miracleworld\system\CodeIgniter.php(824): App\Controllers\Dashboard->index()
#2 C:\xampp\htdocs\miracleworld\system\CodeIgniter.php(410): CodeIgniter\CodeIgniter->runController(Object(App\Controllers\Dashboard))
#3 C:\xampp\htdocs\miracleworld\system\CodeIgniter.php(318): CodeIgniter\CodeIgniter->handleRequest(NULL, Object(Config\Cache), false)
#4 C:\xampp\htdocs\miracleworld\index.php(37): CodeIgniter\CodeIgniter->run()
#5 {main}
CRITICAL - 2022-09-08 11:03:29 --> Undefined variable $balance
#0 C:\xampp\htdocs\miracleworld\public\themes\dashboard\topup-account.php(42): CodeIgniter\Debug\Exceptions->errorHandler(2, 'Undefined varia...', 'C:\\xampp\\htdocs...', 42)
#1 C:\xampp\htdocs\miracleworld\system\View\View.php(214): include('C:\\xampp\\htdocs...')
#2 C:\xampp\htdocs\miracleworld\system\View\View.php(217): CodeIgniter\View\View->CodeIgniter\View\{closure}()
#3 C:\xampp\htdocs\miracleworld\system\Common.php(1097): CodeIgniter\View\View->render('../../public/th...', Array, true)
#4 C:\xampp\htdocs\miracleworld\app\Common.php(22): view('../../public/th...', Array)
#5 C:\xampp\htdocs\miracleworld\public\themes\dashboard\default.php(208): front_view('dashboard/topup...')
#6 C:\xampp\htdocs\miracleworld\system\View\View.php(214): include('C:\\xampp\\htdocs...')
#7 C:\xampp\htdocs\miracleworld\system\View\View.php(217): CodeIgniter\View\View->CodeIgniter\View\{closure}()
#8 C:\xampp\htdocs\miracleworld\system\Common.php(1097): CodeIgniter\View\View->render('../../public/th...', Array, true)
#9 C:\xampp\htdocs\miracleworld\app\Common.php(22): view('../../public/th...', Array)
#10 C:\xampp\htdocs\miracleworld\app\Controllers\Dashboard.php(481): front_view('dashboard/defau...', Array)
#11 C:\xampp\htdocs\miracleworld\system\CodeIgniter.php(824): App\Controllers\Dashboard->retopup_self()
#12 C:\xampp\htdocs\miracleworld\system\CodeIgniter.php(410): CodeIgniter\CodeIgniter->runController(Object(App\Controllers\Dashboard))
#13 C:\xampp\htdocs\miracleworld\system\CodeIgniter.php(318): CodeIgniter\CodeIgniter->handleRequest(NULL, Object(Config\Cache), false)
#14 C:\xampp\htdocs\miracleworld\index.php(37): CodeIgniter\CodeIgniter->run()
#15 {main}
CRITICAL - 2022-09-08 11:11:01 --> Call to undefined method App\Models\User_model::getCampaignWallet
#0 C:\xampp\htdocs\miracleworld\public\themes\dashboard\downline-members.php(37): CodeIgniter\Model->__call('getCampaignWall...', Array)
#1 C:\xampp\htdocs\miracleworld\system\View\View.php(214): include('C:\\xampp\\htdocs...')
#2 C:\xampp\htdocs\miracleworld\system\View\View.php(217): CodeIgniter\View\View->CodeIgniter\View\{closure}()
#3 C:\xampp\htdocs\miracleworld\system\Common.php(1097): CodeIgniter\View\View->render('../../public/th...', Array, true)
#4 C:\xampp\htdocs\miracleworld\app\Common.php(22): view('../../public/th...', Array)
#5 C:\xampp\htdocs\miracleworld\public\themes\dashboard\default.php(199): front_view('dashboard/downl...')
#6 C:\xampp\htdocs\miracleworld\system\View\View.php(214): include('C:\\xampp\\htdocs...')
#7 C:\xampp\htdocs\miracleworld\system\View\View.php(217): CodeIgniter\View\View->CodeIgniter\View\{closure}()
#8 C:\xampp\htdocs\miracleworld\system\Common.php(1097): CodeIgniter\View\View->render('../../public/th...', Array, true)
#9 C:\xampp\htdocs\miracleworld\app\Common.php(22): view('../../public/th...', Array)
#10 C:\xampp\htdocs\miracleworld\app\Controllers\Dashboard.php(355): front_view('dashboard/defau...', Array)
#11 C:\xampp\htdocs\miracleworld\system\CodeIgniter.php(824): App\Controllers\Dashboard->downline_members()
#12 C:\xampp\htdocs\miracleworld\system\CodeIgniter.php(410): CodeIgniter\CodeIgniter->runController(Object(App\Controllers\Dashboard))
#13 C:\xampp\htdocs\miracleworld\system\CodeIgniter.php(318): CodeIgniter\CodeIgniter->handleRequest(NULL, Object(Config\Cache), false)
#14 C:\xampp\htdocs\miracleworld\index.php(37): CodeIgniter\CodeIgniter->run()
#15 {main}
CRITICAL - 2022-09-08 11:17:40 --> Undefined constant App\Models\Dashboard_model::ADMIN_REPORT
#0 C:\xampp\htdocs\miracleworld\system\CodeIgniter.php(824): App\Controllers\Api->call('drcr')
#1 C:\xampp\htdocs\miracleworld\system\CodeIgniter.php(410): CodeIgniter\CodeIgniter->runController(Object(App\Controllers\Api))
#2 C:\xampp\htdocs\miracleworld\system\CodeIgniter.php(318): CodeIgniter\CodeIgniter->handleRequest(NULL, Object(Config\Cache), false)
#3 C:\xampp\htdocs\miracleworld\index.php(37): CodeIgniter\CodeIgniter->run()
#4 {main}
CRITICAL - 2022-09-08 11:17:54 --> Undefined constant App\Models\Dashboard_model::ADMIN_REPORT
#0 C:\xampp\htdocs\miracleworld\system\CodeIgniter.php(824): App\Controllers\Api->call('drcr')
#1 C:\xampp\htdocs\miracleworld\system\CodeIgniter.php(410): CodeIgniter\CodeIgniter->runController(Object(App\Controllers\Api))
#2 C:\xampp\htdocs\miracleworld\system\CodeIgniter.php(318): CodeIgniter\CodeIgniter->handleRequest(NULL, Object(Config\Cache), false)
#3 C:\xampp\htdocs\miracleworld\index.php(37): CodeIgniter\CodeIgniter->run()
#4 {main}
ERROR - 2022-09-08 13:07:33 --> Email: sendWithMail throwed mail(): Failed to connect to mailserver at &quot;localhost&quot; port 25, verify your &quot;SMTP&quot; and &quot;smtp_port&quot; setting in php.ini or use ini_set()
ERROR - 2022-09-08 13:07:56 --> Email: sendWithMail throwed mail(): Failed to connect to mailserver at &quot;localhost&quot; port 25, verify your &quot;SMTP&quot; and &quot;smtp_port&quot; setting in php.ini or use ini_set()
ERROR - 2022-09-08 13:26:37 --> Email: sendWithMail throwed mail(): Failed to connect to mailserver at &quot;localhost&quot; port 25, verify your &quot;SMTP&quot; and &quot;smtp_port&quot; setting in php.ini or use ini_set()
ERROR - 2022-09-08 13:28:23 --> Email: sendWithMail throwed mail(): Failed to connect to mailserver at &quot;localhost&quot; port 25, verify your &quot;SMTP&quot; and &quot;smtp_port&quot; setting in php.ini or use ini_set()
ERROR - 2022-09-08 13:29:02 --> Email: sendWithMail throwed mail(): Failed to connect to mailserver at &quot;localhost&quot; port 25, verify your &quot;SMTP&quot; and &quot;smtp_port&quot; setting in php.ini or use ini_set()
ERROR - 2022-09-08 13:29:07 --> Email: sendWithMail throwed mail(): Failed to connect to mailserver at &quot;localhost&quot; port 25, verify your &quot;SMTP&quot; and &quot;smtp_port&quot; setting in php.ini or use ini_set()
ERROR - 2022-09-08 13:30:52 --> Email: sendWithMail throwed mail(): Failed to connect to mailserver at &quot;localhost&quot; port 25, verify your &quot;SMTP&quot; and &quot;smtp_port&quot; setting in php.ini or use ini_set()
ERROR - 2022-09-08 13:32:42 --> Email: sendWithMail throwed mail(): Failed to connect to mailserver at &quot;localhost&quot; port 25, verify your &quot;SMTP&quot; and &quot;smtp_port&quot; setting in php.ini or use ini_set()
ERROR - 2022-09-08 13:33:52 --> Email: sendWithMail throwed mail(): Failed to connect to mailserver at &quot;localhost&quot; port 25, verify your &quot;SMTP&quot; and &quot;smtp_port&quot; setting in php.ini or use ini_set()
