ERROR - 2022-09-25 10:59:48 --> Table 'miracleworld.ai_rebirth' doesn't exist
CRITICAL - 2022-09-25 11:02:05 --> Call to undefined function ImageCreate()
#0 C:\xampp\htdocs\miraccleworld\app\ThirdParty\qrlib\qrimage.php(32): QRimage::image(Array, 3, 4)
#1 C:\xampp\htdocs\miraccleworld\app\ThirdParty\qrlib\qrencode.php(494): QRimage::png(Array, 'public/uploads/...', 3, 4, false)
#2 C:\xampp\htdocs\miraccleworld\app\ThirdParty\qrlib\qrencode.php(286): QRencode->encodePNG('TM7K7dZvib8mdAj...', 'public/uploads/...', false)
#3 C:\xampp\htdocs\miraccleworld\app\Controllers\Dashboard.php(559): QRcode::png('TM7K7dZvib8mdAj...', 'public/uploads/...')
#4 C:\xampp\htdocs\miraccleworld\system\CodeIgniter.php(824): App\Controllers\Dashboard->order_view('1')
#5 C:\xampp\htdocs\miraccleworld\system\CodeIgniter.php(410): CodeIgniter\CodeIgniter->runController(Object(App\Controllers\Dashboard))
#6 C:\xampp\htdocs\miraccleworld\system\CodeIgniter.php(318): CodeIgniter\CodeIgniter->handleRequest(NULL, Object(Config\Cache), false)
#7 C:\xampp\htdocs\miraccleworld\index.php(37): CodeIgniter\CodeIgniter->run()
#8 {main}
ERROR - 2022-09-25 11:02:40 --> Email: sendWithMail throwed mail(): Failed to connect to mailserver at &quot;localhost&quot; port 25, verify your &quot;SMTP&quot; and &quot;smtp_port&quot; setting in php.ini or use ini_set()
ERROR - 2022-09-25 11:03:24 --> Email: sendWithMail throwed mail(): Failed to connect to mailserver at &quot;localhost&quot; port 25, verify your &quot;SMTP&quot; and &quot;smtp_port&quot; setting in php.ini or use ini_set()
ERROR - 2022-09-25 11:03:24 --> Unknown column 'status' in 'field list'
ERROR - 2022-09-25 11:03:41 --> Email: sendWithMail throwed mail(): Failed to connect to mailserver at &quot;localhost&quot; port 25, verify your &quot;SMTP&quot; and &quot;smtp_port&quot; setting in php.ini or use ini_set()
ERROR - 2022-09-25 11:03:41 --> Unknown column 'status' in 'field list'
ERROR - 2022-09-25 11:05:42 --> Table 'miracleworld.ai_rebirth' doesn't exist
ERROR - 2022-09-25 11:08:09 --> Email: sendWithMail throwed mail(): Failed to connect to mailserver at &quot;localhost&quot; port 25, verify your &quot;SMTP&quot; and &quot;smtp_port&quot; setting in php.ini or use ini_set()
ERROR - 2022-09-25 11:08:35 --> Email: sendWithMail throwed mail(): Failed to connect to mailserver at &quot;localhost&quot; port 25, verify your &quot;SMTP&quot; and &quot;smtp_port&quot; setting in php.ini or use ini_set()
ERROR - 2022-09-25 11:33:48 --> Email: sendWithMail throwed mail(): Failed to connect to mailserver at &quot;localhost&quot; port 25, verify your &quot;SMTP&quot; and &quot;smtp_port&quot; setting in php.ini or use ini_set()
ERROR - 2022-09-25 16:54:56 --> Email: sendWithMail throwed mail(): Failed to connect to mailserver at &quot;localhost&quot; port 25, verify your &quot;SMTP&quot; and &quot;smtp_port&quot; setting in php.ini or use ini_set()
CRITICAL - 2022-09-25 16:58:21 --> Too few arguments to function App\Controllers\Admin\Payments::rebirth_pay_all(), 0 passed in C:\xampp\htdocs\miraccleworld\system\CodeIgniter.php on line 824 and exactly 1 expected
#0 C:\xampp\htdocs\miraccleworld\system\CodeIgniter.php(824): App\Controllers\Admin\Payments->rebirth_pay_all()
#1 C:\xampp\htdocs\miraccleworld\system\CodeIgniter.php(410): CodeIgniter\CodeIgniter->runController(Object(App\Controllers\Admin\Payments))
#2 C:\xampp\htdocs\miraccleworld\system\CodeIgniter.php(318): CodeIgniter\CodeIgniter->handleRequest(NULL, Object(Config\Cache), false)
#3 C:\xampp\htdocs\miraccleworld\index.php(37): CodeIgniter\CodeIgniter->run()
#4 {main}
CRITICAL - 2022-09-25 16:58:31 --> Undefined variable $id
#0 C:\xampp\htdocs\miraccleworld\app\Controllers\Admin\Payments.php(199): CodeIgniter\Debug\Exceptions->errorHandler(2, 'Undefined varia...', 'C:\\xampp\\htdocs...', 199)
#1 C:\xampp\htdocs\miraccleworld\system\CodeIgniter.php(824): App\Controllers\Admin\Payments->rebirth_pay_all()
#2 C:\xampp\htdocs\miraccleworld\system\CodeIgniter.php(410): CodeIgniter\CodeIgniter->runController(Object(App\Controllers\Admin\Payments))
#3 C:\xampp\htdocs\miraccleworld\system\CodeIgniter.php(318): CodeIgniter\CodeIgniter->handleRequest(NULL, Object(Config\Cache), false)
#4 C:\xampp\htdocs\miraccleworld\index.php(37): CodeIgniter\CodeIgniter->run()
#5 {main}
CRITICAL - 2022-09-25 17:01:25 --> Undefined property: stdClass::$rebirth
#0 C:\xampp\htdocs\miraccleworld\public\themes\dashboard\club-income.php(56): CodeIgniter\Debug\Exceptions->errorHandler(2, 'Undefined prope...', 'C:\\xampp\\htdocs...', 56)
#1 C:\xampp\htdocs\miraccleworld\system\View\View.php(214): include('C:\\xampp\\htdocs...')
#2 C:\xampp\htdocs\miraccleworld\system\View\View.php(217): CodeIgniter\View\View->CodeIgniter\View\{closure}()
#3 C:\xampp\htdocs\miraccleworld\system\Common.php(1097): CodeIgniter\View\View->render('../../public/th...', Array, true)
#4 C:\xampp\htdocs\miraccleworld\app\Common.php(22): view('../../public/th...', Array)
#5 C:\xampp\htdocs\miraccleworld\public\themes\dashboard\default.php(198): front_view('dashboard/club-...')
#6 C:\xampp\htdocs\miraccleworld\system\View\View.php(214): include('C:\\xampp\\htdocs...')
#7 C:\xampp\htdocs\miraccleworld\system\View\View.php(217): CodeIgniter\View\View->CodeIgniter\View\{closure}()
#8 C:\xampp\htdocs\miraccleworld\system\Common.php(1097): CodeIgniter\View\View->render('../../public/th...', Array, true)
#9 C:\xampp\htdocs\miraccleworld\app\Common.php(22): view('../../public/th...', Array)
#10 C:\xampp\htdocs\miraccleworld\app\Controllers\Dashboard.php(433): front_view('dashboard/defau...', Array)
#11 C:\xampp\htdocs\miraccleworld\system\CodeIgniter.php(824): App\Controllers\Dashboard->club_income()
#12 C:\xampp\htdocs\miraccleworld\system\CodeIgniter.php(410): CodeIgniter\CodeIgniter->runController(Object(App\Controllers\Dashboard))
#13 C:\xampp\htdocs\miraccleworld\system\CodeIgniter.php(318): CodeIgniter\CodeIgniter->handleRequest(NULL, Object(Config\Cache), false)
#14 C:\xampp\htdocs\miraccleworld\index.php(37): CodeIgniter\CodeIgniter->run()
#15 {main}
CRITICAL - 2022-09-25 17:02:36 --> Undefined property: stdClass::$net_pay
#0 C:\xampp\htdocs\miraccleworld\public\themes\dashboard\club-income.php(56): CodeIgniter\Debug\Exceptions->errorHandler(2, 'Undefined prope...', 'C:\\xampp\\htdocs...', 56)
#1 C:\xampp\htdocs\miraccleworld\system\View\View.php(214): include('C:\\xampp\\htdocs...')
#2 C:\xampp\htdocs\miraccleworld\system\View\View.php(217): CodeIgniter\View\View->CodeIgniter\View\{closure}()
#3 C:\xampp\htdocs\miraccleworld\system\Common.php(1097): CodeIgniter\View\View->render('../../public/th...', Array, true)
#4 C:\xampp\htdocs\miraccleworld\app\Common.php(22): view('../../public/th...', Array)
#5 C:\xampp\htdocs\miraccleworld\public\themes\dashboard\default.php(198): front_view('dashboard/club-...')
#6 C:\xampp\htdocs\miraccleworld\system\View\View.php(214): include('C:\\xampp\\htdocs...')
#7 C:\xampp\htdocs\miraccleworld\system\View\View.php(217): CodeIgniter\View\View->CodeIgniter\View\{closure}()
#8 C:\xampp\htdocs\miraccleworld\system\Common.php(1097): CodeIgniter\View\View->render('../../public/th...', Array, true)
#9 C:\xampp\htdocs\miraccleworld\app\Common.php(22): view('../../public/th...', Array)
#10 C:\xampp\htdocs\miraccleworld\app\Controllers\Dashboard.php(433): front_view('dashboard/defau...', Array)
#11 C:\xampp\htdocs\miraccleworld\system\CodeIgniter.php(824): App\Controllers\Dashboard->club_income()
#12 C:\xampp\htdocs\miraccleworld\system\CodeIgniter.php(410): CodeIgniter\CodeIgniter->runController(Object(App\Controllers\Dashboard))
#13 C:\xampp\htdocs\miraccleworld\system\CodeIgniter.php(318): CodeIgniter\CodeIgniter->handleRequest(NULL, Object(Config\Cache), false)
#14 C:\xampp\htdocs\miraccleworld\index.php(37): CodeIgniter\CodeIgniter->run()
#15 {main}
CRITICAL - 2022-09-25 17:03:50 --> Undefined property: stdClass::$balnace
#0 C:\xampp\htdocs\miraccleworld\public\themes\dashboard\club-income.php(56): CodeIgniter\Debug\Exceptions->errorHandler(2, 'Undefined prope...', 'C:\\xampp\\htdocs...', 56)
#1 C:\xampp\htdocs\miraccleworld\system\View\View.php(214): include('C:\\xampp\\htdocs...')
#2 C:\xampp\htdocs\miraccleworld\system\View\View.php(217): CodeIgniter\View\View->CodeIgniter\View\{closure}()
#3 C:\xampp\htdocs\miraccleworld\system\Common.php(1097): CodeIgniter\View\View->render('../../public/th...', Array, true)
#4 C:\xampp\htdocs\miraccleworld\app\Common.php(22): view('../../public/th...', Array)
#5 C:\xampp\htdocs\miraccleworld\public\themes\dashboard\default.php(198): front_view('dashboard/club-...')
#6 C:\xampp\htdocs\miraccleworld\system\View\View.php(214): include('C:\\xampp\\htdocs...')
#7 C:\xampp\htdocs\miraccleworld\system\View\View.php(217): CodeIgniter\View\View->CodeIgniter\View\{closure}()
#8 C:\xampp\htdocs\miraccleworld\system\Common.php(1097): CodeIgniter\View\View->render('../../public/th...', Array, true)
#9 C:\xampp\htdocs\miraccleworld\app\Common.php(22): view('../../public/th...', Array)
#10 C:\xampp\htdocs\miraccleworld\app\Controllers\Dashboard.php(433): front_view('dashboard/defau...', Array)
#11 C:\xampp\htdocs\miraccleworld\system\CodeIgniter.php(824): App\Controllers\Dashboard->club_income()
#12 C:\xampp\htdocs\miraccleworld\system\CodeIgniter.php(410): CodeIgniter\CodeIgniter->runController(Object(App\Controllers\Dashboard))
#13 C:\xampp\htdocs\miraccleworld\system\CodeIgniter.php(318): CodeIgniter\CodeIgniter->handleRequest(NULL, Object(Config\Cache), false)
#14 C:\xampp\htdocs\miraccleworld\index.php(37): CodeIgniter\CodeIgniter->run()
#15 {main}
CRITICAL - 2022-09-25 17:35:58 --> Call to undefined function ImageCreate()
#0 C:\xampp\htdocs\miraccleworld\app\ThirdParty\qrlib\qrimage.php(32): QRimage::image(Array, 3, 4)
#1 C:\xampp\htdocs\miraccleworld\app\ThirdParty\qrlib\qrencode.php(494): QRimage::png(Array, 'public/uploads/...', 3, 4, false)
#2 C:\xampp\htdocs\miraccleworld\app\ThirdParty\qrlib\qrencode.php(286): QRencode->encodePNG('TY9dC8aACp8Hp8G...', 'public/uploads/...', false)
#3 C:\xampp\htdocs\miraccleworld\app\Controllers\Dashboard.php(560): QRcode::png('TY9dC8aACp8Hp8G...', 'public/uploads/...')
#4 C:\xampp\htdocs\miraccleworld\system\CodeIgniter.php(824): App\Controllers\Dashboard->order_view('1')
#5 C:\xampp\htdocs\miraccleworld\system\CodeIgniter.php(410): CodeIgniter\CodeIgniter->runController(Object(App\Controllers\Dashboard))
#6 C:\xampp\htdocs\miraccleworld\system\CodeIgniter.php(318): CodeIgniter\CodeIgniter->handleRequest(NULL, Object(Config\Cache), false)
#7 C:\xampp\htdocs\miraccleworld\index.php(37): CodeIgniter\CodeIgniter->run()
#8 {main}
CRITICAL - 2022-09-25 17:43:59 --> Undefined variable $app
#0 C:\xampp\htdocs\miraccleworld\public\themes\dashboard\index.php(37): CodeIgniter\Debug\Exceptions->errorHandler(2, 'Undefined varia...', 'C:\\xampp\\htdocs...', 37)
#1 C:\xampp\htdocs\miraccleworld\system\View\View.php(214): include('C:\\xampp\\htdocs...')
#2 C:\xampp\htdocs\miraccleworld\system\View\View.php(217): CodeIgniter\View\View->CodeIgniter\View\{closure}()
#3 C:\xampp\htdocs\miraccleworld\system\Common.php(1097): CodeIgniter\View\View->render('../../public/th...', Array, true)
#4 C:\xampp\htdocs\miraccleworld\app\Common.php(22): view('../../public/th...', Array)
#5 C:\xampp\htdocs\miraccleworld\public\themes\dashboard\default.php(198): front_view('dashboard/index')
#6 C:\xampp\htdocs\miraccleworld\system\View\View.php(214): include('C:\\xampp\\htdocs...')
#7 C:\xampp\htdocs\miraccleworld\system\View\View.php(217): CodeIgniter\View\View->CodeIgniter\View\{closure}()
#8 C:\xampp\htdocs\miraccleworld\system\Common.php(1097): CodeIgniter\View\View->render('../../public/th...', Array, true)
#9 C:\xampp\htdocs\miraccleworld\app\Common.php(22): view('../../public/th...', Array)
#10 C:\xampp\htdocs\miraccleworld\app\Controllers\Dashboard.php(72): front_view('dashboard/defau...', Array)
#11 C:\xampp\htdocs\miraccleworld\system\CodeIgniter.php(824): App\Controllers\Dashboard->index()
#12 C:\xampp\htdocs\miraccleworld\system\CodeIgniter.php(410): CodeIgniter\CodeIgniter->runController(Object(App\Controllers\Dashboard))
#13 C:\xampp\htdocs\miraccleworld\system\CodeIgniter.php(318): CodeIgniter\CodeIgniter->handleRequest(NULL, Object(Config\Cache), false)
#14 C:\xampp\htdocs\miraccleworld\index.php(37): CodeIgniter\CodeIgniter->run()
#15 {main}
CRITICAL - 2022-09-25 17:44:30 --> Undefined property: Config\AppConfig::$message
#0 C:\xampp\htdocs\miraccleworld\public\themes\dashboard\index.php(37): CodeIgniter\Debug\Exceptions->errorHandler(2, 'Undefined prope...', 'C:\\xampp\\htdocs...', 37)
#1 C:\xampp\htdocs\miraccleworld\system\View\View.php(214): include('C:\\xampp\\htdocs...')
#2 C:\xampp\htdocs\miraccleworld\system\View\View.php(217): CodeIgniter\View\View->CodeIgniter\View\{closure}()
#3 C:\xampp\htdocs\miraccleworld\system\Common.php(1097): CodeIgniter\View\View->render('../../public/th...', Array, true)
#4 C:\xampp\htdocs\miraccleworld\app\Common.php(22): view('../../public/th...', Array)
#5 C:\xampp\htdocs\miraccleworld\public\themes\dashboard\default.php(198): front_view('dashboard/index')
#6 C:\xampp\htdocs\miraccleworld\system\View\View.php(214): include('C:\\xampp\\htdocs...')
#7 C:\xampp\htdocs\miraccleworld\system\View\View.php(217): CodeIgniter\View\View->CodeIgniter\View\{closure}()
#8 C:\xampp\htdocs\miraccleworld\system\Common.php(1097): CodeIgniter\View\View->render('../../public/th...', Array, true)
#9 C:\xampp\htdocs\miraccleworld\app\Common.php(22): view('../../public/th...', Array)
#10 C:\xampp\htdocs\miraccleworld\app\Controllers\Dashboard.php(73): front_view('dashboard/defau...', Array)
#11 C:\xampp\htdocs\miraccleworld\system\CodeIgniter.php(824): App\Controllers\Dashboard->index()
#12 C:\xampp\htdocs\miraccleworld\system\CodeIgniter.php(410): CodeIgniter\CodeIgniter->runController(Object(App\Controllers\Dashboard))
#13 C:\xampp\htdocs\miraccleworld\system\CodeIgniter.php(318): CodeIgniter\CodeIgniter->handleRequest(NULL, Object(Config\Cache), false)
#14 C:\xampp\htdocs\miraccleworld\index.php(37): CodeIgniter\CodeIgniter->run()
#15 {main}
CRITICAL - 2022-09-25 17:44:38 --> Undefined property: Config\AppConfig::$message
#0 C:\xampp\htdocs\miraccleworld\public\themes\dashboard\index.php(37): CodeIgniter\Debug\Exceptions->errorHandler(2, 'Undefined prope...', 'C:\\xampp\\htdocs...', 37)
#1 C:\xampp\htdocs\miraccleworld\system\View\View.php(214): include('C:\\xampp\\htdocs...')
#2 C:\xampp\htdocs\miraccleworld\system\View\View.php(217): CodeIgniter\View\View->CodeIgniter\View\{closure}()
#3 C:\xampp\htdocs\miraccleworld\system\Common.php(1097): CodeIgniter\View\View->render('../../public/th...', Array, true)
#4 C:\xampp\htdocs\miraccleworld\app\Common.php(22): view('../../public/th...', Array)
#5 C:\xampp\htdocs\miraccleworld\public\themes\dashboard\default.php(198): front_view('dashboard/index')
#6 C:\xampp\htdocs\miraccleworld\system\View\View.php(214): include('C:\\xampp\\htdocs...')
#7 C:\xampp\htdocs\miraccleworld\system\View\View.php(217): CodeIgniter\View\View->CodeIgniter\View\{closure}()
#8 C:\xampp\htdocs\miraccleworld\system\Common.php(1097): CodeIgniter\View\View->render('../../public/th...', Array, true)
#9 C:\xampp\htdocs\miraccleworld\app\Common.php(22): view('../../public/th...', Array)
#10 C:\xampp\htdocs\miraccleworld\app\Controllers\Dashboard.php(73): front_view('dashboard/defau...', Array)
#11 C:\xampp\htdocs\miraccleworld\system\CodeIgniter.php(824): App\Controllers\Dashboard->index()
#12 C:\xampp\htdocs\miraccleworld\system\CodeIgniter.php(410): CodeIgniter\CodeIgniter->runController(Object(App\Controllers\Dashboard))
#13 C:\xampp\htdocs\miraccleworld\system\CodeIgniter.php(318): CodeIgniter\CodeIgniter->handleRequest(NULL, Object(Config\Cache), false)
#14 C:\xampp\htdocs\miraccleworld\index.php(37): CodeIgniter\CodeIgniter->run()
#15 {main}
CRITICAL - 2022-09-25 17:45:07 --> You must set the database table to be used with your query.
#0 C:\xampp\htdocs\miraccleworld\system\Model.php(545): CodeIgniter\Database\BaseConnection->table('')
#1 C:\xampp\htdocs\miraccleworld\system\Model.php(688): CodeIgniter\Model->builder()
#2 C:\xampp\htdocs\miraccleworld\public\themes\dashboard\index.php(37): CodeIgniter\Model->__get('message')
#3 C:\xampp\htdocs\miraccleworld\system\View\View.php(214): include('C:\\xampp\\htdocs...')
#4 C:\xampp\htdocs\miraccleworld\system\View\View.php(217): CodeIgniter\View\View->CodeIgniter\View\{closure}()
#5 C:\xampp\htdocs\miraccleworld\system\Common.php(1097): CodeIgniter\View\View->render('../../public/th...', Array, true)
#6 C:\xampp\htdocs\miraccleworld\app\Common.php(22): view('../../public/th...', Array)
#7 C:\xampp\htdocs\miraccleworld\public\themes\dashboard\default.php(198): front_view('dashboard/index')
#8 C:\xampp\htdocs\miraccleworld\system\View\View.php(214): include('C:\\xampp\\htdocs...')
#9 C:\xampp\htdocs\miraccleworld\system\View\View.php(217): CodeIgniter\View\View->CodeIgniter\View\{closure}()
#10 C:\xampp\htdocs\miraccleworld\system\Common.php(1097): CodeIgniter\View\View->render('../../public/th...', Array, true)
#11 C:\xampp\htdocs\miraccleworld\app\Common.php(22): view('../../public/th...', Array)
#12 C:\xampp\htdocs\miraccleworld\app\Controllers\Dashboard.php(74): front_view('dashboard/defau...', Array)
#13 C:\xampp\htdocs\miraccleworld\system\CodeIgniter.php(824): App\Controllers\Dashboard->index()
#14 C:\xampp\htdocs\miraccleworld\system\CodeIgniter.php(410): CodeIgniter\CodeIgniter->runController(Object(App\Controllers\Dashboard))
#15 C:\xampp\htdocs\miraccleworld\system\CodeIgniter.php(318): CodeIgniter\CodeIgniter->handleRequest(NULL, Object(Config\Cache), false)
#16 C:\xampp\htdocs\miraccleworld\index.php(37): CodeIgniter\CodeIgniter->run()
#17 {main}
CRITICAL - 2022-09-25 17:50:12 --> Undefined variable $app
#0 C:\xampp\htdocs\miraccleworld\public\themes\dashboard\index.php(40): CodeIgniter\Debug\Exceptions->errorHandler(2, 'Undefined varia...', 'C:\\xampp\\htdocs...', 40)
#1 C:\xampp\htdocs\miraccleworld\system\View\View.php(214): include('C:\\xampp\\htdocs...')
#2 C:\xampp\htdocs\miraccleworld\system\View\View.php(217): CodeIgniter\View\View->CodeIgniter\View\{closure}()
#3 C:\xampp\htdocs\miraccleworld\system\Common.php(1097): CodeIgniter\View\View->render('../../public/th...', Array, true)
#4 C:\xampp\htdocs\miraccleworld\app\Common.php(22): view('../../public/th...', Array)
#5 C:\xampp\htdocs\miraccleworld\public\themes\dashboard\default.php(198): front_view('dashboard/index')
#6 C:\xampp\htdocs\miraccleworld\system\View\View.php(214): include('C:\\xampp\\htdocs...')
#7 C:\xampp\htdocs\miraccleworld\system\View\View.php(217): CodeIgniter\View\View->CodeIgniter\View\{closure}()
#8 C:\xampp\htdocs\miraccleworld\system\Common.php(1097): CodeIgniter\View\View->render('../../public/th...', Array, true)
#9 C:\xampp\htdocs\miraccleworld\app\Common.php(22): view('../../public/th...', Array)
#10 C:\xampp\htdocs\miraccleworld\app\Controllers\Dashboard.php(74): front_view('dashboard/defau...', Array)
#11 C:\xampp\htdocs\miraccleworld\system\CodeIgniter.php(824): App\Controllers\Dashboard->index()
#12 C:\xampp\htdocs\miraccleworld\system\CodeIgniter.php(410): CodeIgniter\CodeIgniter->runController(Object(App\Controllers\Dashboard))
#13 C:\xampp\htdocs\miraccleworld\system\CodeIgniter.php(318): CodeIgniter\CodeIgniter->handleRequest(NULL, Object(Config\Cache), false)
#14 C:\xampp\htdocs\miraccleworld\index.php(37): CodeIgniter\CodeIgniter->run()
#15 {main}
CRITICAL - 2022-09-25 17:50:20 --> Undefined variable $settings
#0 C:\xampp\htdocs\miraccleworld\public\themes\dashboard\index.php(40): CodeIgniter\Debug\Exceptions->errorHandler(2, 'Undefined varia...', 'C:\\xampp\\htdocs...', 40)
#1 C:\xampp\htdocs\miraccleworld\system\View\View.php(214): include('C:\\xampp\\htdocs...')
#2 C:\xampp\htdocs\miraccleworld\system\View\View.php(217): CodeIgniter\View\View->CodeIgniter\View\{closure}()
#3 C:\xampp\htdocs\miraccleworld\system\Common.php(1097): CodeIgniter\View\View->render('../../public/th...', Array, true)
#4 C:\xampp\htdocs\miraccleworld\app\Common.php(22): view('../../public/th...', Array)
#5 C:\xampp\htdocs\miraccleworld\public\themes\dashboard\default.php(198): front_view('dashboard/index')
#6 C:\xampp\htdocs\miraccleworld\system\View\View.php(214): include('C:\\xampp\\htdocs...')
#7 C:\xampp\htdocs\miraccleworld\system\View\View.php(217): CodeIgniter\View\View->CodeIgniter\View\{closure}()
#8 C:\xampp\htdocs\miraccleworld\system\Common.php(1097): CodeIgniter\View\View->render('../../public/th...', Array, true)
#9 C:\xampp\htdocs\miraccleworld\app\Common.php(22): view('../../public/th...', Array)
#10 C:\xampp\htdocs\miraccleworld\app\Controllers\Dashboard.php(74): front_view('dashboard/defau...', Array)
#11 C:\xampp\htdocs\miraccleworld\system\CodeIgniter.php(824): App\Controllers\Dashboard->index()
#12 C:\xampp\htdocs\miraccleworld\system\CodeIgniter.php(410): CodeIgniter\CodeIgniter->runController(Object(App\Controllers\Dashboard))
#13 C:\xampp\htdocs\miraccleworld\system\CodeIgniter.php(318): CodeIgniter\CodeIgniter->handleRequest(NULL, Object(Config\Cache), false)
#14 C:\xampp\htdocs\miraccleworld\index.php(37): CodeIgniter\CodeIgniter->run()
#15 {main}
CRITICAL - 2022-09-25 17:50:29 --> Undefined variable $setting
#0 C:\xampp\htdocs\miraccleworld\public\themes\dashboard\index.php(36): CodeIgniter\Debug\Exceptions->errorHandler(2, 'Undefined varia...', 'C:\\xampp\\htdocs...', 36)
#1 C:\xampp\htdocs\miraccleworld\system\View\View.php(214): include('C:\\xampp\\htdocs...')
#2 C:\xampp\htdocs\miraccleworld\system\View\View.php(217): CodeIgniter\View\View->CodeIgniter\View\{closure}()
#3 C:\xampp\htdocs\miraccleworld\system\Common.php(1097): CodeIgniter\View\View->render('../../public/th...', Array, true)
#4 C:\xampp\htdocs\miraccleworld\app\Common.php(22): view('../../public/th...', Array)
#5 C:\xampp\htdocs\miraccleworld\public\themes\dashboard\default.php(198): front_view('dashboard/index')
#6 C:\xampp\htdocs\miraccleworld\system\View\View.php(214): include('C:\\xampp\\htdocs...')
#7 C:\xampp\htdocs\miraccleworld\system\View\View.php(217): CodeIgniter\View\View->CodeIgniter\View\{closure}()
#8 C:\xampp\htdocs\miraccleworld\system\Common.php(1097): CodeIgniter\View\View->render('../../public/th...', Array, true)
#9 C:\xampp\htdocs\miraccleworld\app\Common.php(22): view('../../public/th...', Array)
#10 C:\xampp\htdocs\miraccleworld\app\Controllers\Dashboard.php(74): front_view('dashboard/defau...', Array)
#11 C:\xampp\htdocs\miraccleworld\system\CodeIgniter.php(824): App\Controllers\Dashboard->index()
#12 C:\xampp\htdocs\miraccleworld\system\CodeIgniter.php(410): CodeIgniter\CodeIgniter->runController(Object(App\Controllers\Dashboard))
#13 C:\xampp\htdocs\miraccleworld\system\CodeIgniter.php(318): CodeIgniter\CodeIgniter->handleRequest(NULL, Object(Config\Cache), false)
#14 C:\xampp\htdocs\miraccleworld\index.php(37): CodeIgniter\CodeIgniter->run()
#15 {main}
ERROR - 2022-09-25 17:53:30 --> Table 'miracleworld.ai_rebirth' doesn't exist
